{"total": {"lines":{"total":1705,"covered":408,"skipped":0,"pct":23.92},"statements":{"total":1897,"covered":438,"skipped":0,"pct":23.08},"functions":{"total":511,"covered":77,"skipped":0,"pct":15.06},"branches":{"total":428,"covered":94,"skipped":0,"pct":21.96},"branchesTrue":{"total":0,"covered":0,"skipped":0,"pct":100}}
,"C:\\MISO\\ProyectoFinal2\\Medisuplly-Front\\Medisupply-Frontend\\src\\app\\app.component.ts": {"lines":{"total":11,"covered":0,"skipped":0,"pct":0},"functions":{"total":5,"covered":0,"skipped":0,"pct":0},"statements":{"total":13,"covered":0,"skipped":0,"pct":0},"branches":{"total":0,"covered":0,"skipped":0,"pct":100}}
,"C:\\MISO\\ProyectoFinal2\\Medisuplly-Front\\Medisupply-Frontend\\src\\app\\app.config.ts": {"lines":{"total":9,"covered":0,"skipped":0,"pct":0},"functions":{"total":0,"covered":0,"skipped":0,"pct":100},"statements":{"total":9,"covered":0,"skipped":0,"pct":0},"branches":{"total":0,"covered":0,"skipped":0,"pct":100}}
,"C:\\MISO\\ProyectoFinal2\\Medisuplly-Front\\Medisupply-Frontend\\src\\app\\app.routes.ts": {"lines":{"total":29,"covered":0,"skipped":0,"pct":0},"functions":{"total":42,"covered":0,"skipped":0,"pct":0},"statements":{"total":43,"covered":0,"skipped":0,"pct":0},"branches":{"total":0,"covered":0,"skipped":0,"pct":100}}
,"C:\\MISO\\ProyectoFinal2\\Medisuplly-Front\\Medisupply-Frontend\\src\\app\\app.ts": {"lines":{"total":4,"covered":0,"skipped":0,"pct":0},"functions":{"total":1,"covered":0,"skipped":0,"pct":0},"statements":{"total":6,"covered":0,"skipped":0,"pct":0},"branches":{"total":0,"covered":0,"skipped":0,"pct":100}}
,"C:\\MISO\\ProyectoFinal2\\Medisuplly-Front\\Medisupply-Frontend\\src\\app\\core\\core.providers.ts": {"lines":{"total":13,"covered":0,"skipped":0,"pct":0},"functions":{"total":0,"covered":0,"skipped":0,"pct":100},"statements":{"total":13,"covered":0,"skipped":0,"pct":0},"branches":{"total":0,"covered":0,"skipped":0,"pct":100}}
,"C:\\MISO\\ProyectoFinal2\\Medisuplly-Front\\Medisupply-Frontend\\src\\app\\core\\application\\use-cases\\meta\\meta-venta.use-cases.ts": {"lines":{"total":37,"covered":0,"skipped":0,"pct":0},"functions":{"total":13,"covered":0,"skipped":0,"pct":0},"statements":{"total":49,"covered":0,"skipped":0,"pct":0},"branches":{"total":12,"covered":0,"skipped":0,"pct":0}}
,"C:\\MISO\\ProyectoFinal2\\Medisuplly-Front\\Medisupply-Frontend\\src\\app\\core\\application\\use-cases\\product-location\\product-location.use-cases.ts": {"lines":{"total":29,"covered":0,"skipped":0,"pct":0},"functions":{"total":10,"covered":0,"skipped":0,"pct":0},"statements":{"total":34,"covered":0,"skipped":0,"pct":0},"branches":{"total":21,"covered":0,"skipped":0,"pct":0}}
,"C:\\MISO\\ProyectoFinal2\\Medisuplly-Front\\Medisupply-Frontend\\src\\app\\core\\application\\use-cases\\producto\\create-product.use-case.ts": {"lines":{"total":5,"covered":3,"skipped":0,"pct":60},"functions":{"total":2,"covered":0,"skipped":0,"pct":0},"statements":{"total":7,"covered":5,"skipped":0,"pct":71.42},"branches":{"total":0,"covered":0,"skipped":0,"pct":100}}
,"C:\\MISO\\ProyectoFinal2\\Medisuplly-Front\\Medisupply-Frontend\\src\\app\\core\\application\\use-cases\\producto\\delete-product.use-case.ts": {"lines":{"total":5,"covered":3,"skipped":0,"pct":60},"functions":{"total":2,"covered":0,"skipped":0,"pct":0},"statements":{"total":7,"covered":5,"skipped":0,"pct":71.42},"branches":{"total":0,"covered":0,"skipped":0,"pct":100}}
,"C:\\MISO\\ProyectoFinal2\\Medisuplly-Front\\Medisupply-Frontend\\src\\app\\core\\application\\use-cases\\producto\\get-product-by-id.use-case.ts": {"lines":{"total":5,"covered":3,"skipped":0,"pct":60},"functions":{"total":2,"covered":0,"skipped":0,"pct":0},"statements":{"total":7,"covered":5,"skipped":0,"pct":71.42},"branches":{"total":0,"covered":0,"skipped":0,"pct":100}}
,"C:\\MISO\\ProyectoFinal2\\Medisuplly-Front\\Medisupply-Frontend\\src\\app\\core\\application\\use-cases\\producto\\get-product-by-sku.use-case.ts": {"lines":{"total":7,"covered":0,"skipped":0,"pct":0},"functions":{"total":2,"covered":0,"skipped":0,"pct":0},"statements":{"total":8,"covered":0,"skipped":0,"pct":0},"branches":{"total":3,"covered":0,"skipped":0,"pct":0}}
,"C:\\MISO\\ProyectoFinal2\\Medisuplly-Front\\Medisupply-Frontend\\src\\app\\core\\application\\use-cases\\producto\\get-products.use-case.ts": {"lines":{"total":21,"covered":7,"skipped":0,"pct":33.33},"functions":{"total":10,"covered":0,"skipped":0,"pct":0},"statements":{"total":26,"covered":12,"skipped":0,"pct":46.15},"branches":{"total":4,"covered":0,"skipped":0,"pct":0}}
,"C:\\MISO\\ProyectoFinal2\\Medisuplly-Front\\Medisupply-Frontend\\src\\app\\core\\application\\use-cases\\producto\\search-products.use-case.ts": {"lines":{"total":7,"covered":3,"skipped":0,"pct":42.85},"functions":{"total":2,"covered":0,"skipped":0,"pct":0},"statements":{"total":8,"covered":4,"skipped":0,"pct":50},"branches":{"total":3,"covered":0,"skipped":0,"pct":0}}
,"C:\\MISO\\ProyectoFinal2\\Medisuplly-Front\\Medisupply-Frontend\\src\\app\\core\\application\\use-cases\\producto\\update-product.use-case.ts": {"lines":{"total":5,"covered":3,"skipped":0,"pct":60},"functions":{"total":2,"covered":0,"skipped":0,"pct":0},"statements":{"total":7,"covered":5,"skipped":0,"pct":71.42},"branches":{"total":0,"covered":0,"skipped":0,"pct":100}}
,"C:\\MISO\\ProyectoFinal2\\Medisuplly-Front\\Medisupply-Frontend\\src\\app\\core\\application\\use-cases\\proveedor\\create-proveedor.use-case.ts": {"lines":{"total":14,"covered":0,"skipped":0,"pct":0},"functions":{"total":5,"covered":0,"skipped":0,"pct":0},"statements":{"total":16,"covered":0,"skipped":0,"pct":0},"branches":{"total":7,"covered":0,"skipped":0,"pct":0}}
,"C:\\MISO\\ProyectoFinal2\\Medisuplly-Front\\Medisupply-Frontend\\src\\app\\core\\application\\use-cases\\proveedor\\delete-proveedor.use-case.ts": {"lines":{"total":7,"covered":0,"skipped":0,"pct":0},"functions":{"total":2,"covered":0,"skipped":0,"pct":0},"statements":{"total":9,"covered":0,"skipped":0,"pct":0},"branches":{"total":1,"covered":0,"skipped":0,"pct":0}}
,"C:\\MISO\\ProyectoFinal2\\Medisuplly-Front\\Medisupply-Frontend\\src\\app\\core\\application\\use-cases\\proveedor\\get-all-proveedores.use-case.ts": {"lines":{"total":5,"covered":0,"skipped":0,"pct":0},"functions":{"total":2,"covered":0,"skipped":0,"pct":0},"statements":{"total":7,"covered":0,"skipped":0,"pct":0},"branches":{"total":0,"covered":0,"skipped":0,"pct":100}}
,"C:\\MISO\\ProyectoFinal2\\Medisuplly-Front\\Medisupply-Frontend\\src\\app\\core\\application\\use-cases\\proveedor\\get-proveedor-by-id.use-case.ts": {"lines":{"total":5,"covered":0,"skipped":0,"pct":0},"functions":{"total":2,"covered":0,"skipped":0,"pct":0},"statements":{"total":7,"covered":0,"skipped":0,"pct":0},"branches":{"total":0,"covered":0,"skipped":0,"pct":100}}
,"C:\\MISO\\ProyectoFinal2\\Medisuplly-Front\\Medisupply-Frontend\\src\\app\\core\\application\\use-cases\\proveedor\\search-proveedores.use-case.ts": {"lines":{"total":7,"covered":0,"skipped":0,"pct":0},"functions":{"total":2,"covered":0,"skipped":0,"pct":0},"statements":{"total":9,"covered":0,"skipped":0,"pct":0},"branches":{"total":3,"covered":0,"skipped":0,"pct":0}}
,"C:\\MISO\\ProyectoFinal2\\Medisuplly-Front\\Medisupply-Frontend\\src\\app\\core\\application\\use-cases\\proveedor\\update-proveedor.use-case.ts": {"lines":{"total":7,"covered":0,"skipped":0,"pct":0},"functions":{"total":2,"covered":0,"skipped":0,"pct":0},"statements":{"total":9,"covered":0,"skipped":0,"pct":0},"branches":{"total":1,"covered":0,"skipped":0,"pct":0}}
,"C:\\MISO\\ProyectoFinal2\\Medisuplly-Front\\Medisupply-Frontend\\src\\app\\core\\application\\use-cases\\ruta-entrega\\ruta-entrega.use-cases.ts": {"lines":{"total":26,"covered":0,"skipped":0,"pct":0},"functions":{"total":11,"covered":0,"skipped":0,"pct":0},"statements":{"total":36,"covered":0,"skipped":0,"pct":0},"branches":{"total":10,"covered":0,"skipped":0,"pct":0}}
,"C:\\MISO\\ProyectoFinal2\\Medisuplly-Front\\Medisupply-Frontend\\src\\app\\core\\application\\use-cases\\vendedor\\vendedor.use-cases.ts": {"lines":{"total":34,"covered":0,"skipped":0,"pct":0},"functions":{"total":14,"covered":0,"skipped":0,"pct":0},"statements":{"total":46,"covered":0,"skipped":0,"pct":0},"branches":{"total":12,"covered":0,"skipped":0,"pct":0}}
,"C:\\MISO\\ProyectoFinal2\\Medisuplly-Front\\Medisupply-Frontend\\src\\app\\core\\domain\\entities\\meta-venta.entity.ts": {"lines":{"total":8,"covered":0,"skipped":0,"pct":0},"functions":{"total":2,"covered":0,"skipped":0,"pct":0},"statements":{"total":8,"covered":0,"skipped":0,"pct":0},"branches":{"total":4,"covered":0,"skipped":0,"pct":0}}
,"C:\\MISO\\ProyectoFinal2\\Medisuplly-Front\\Medisupply-Frontend\\src\\app\\core\\domain\\entities\\proveedor.entity.ts": {"lines":{"total":4,"covered":0,"skipped":0,"pct":0},"functions":{"total":1,"covered":0,"skipped":0,"pct":0},"statements":{"total":4,"covered":0,"skipped":0,"pct":0},"branches":{"total":2,"covered":0,"skipped":0,"pct":0}}
,"C:\\MISO\\ProyectoFinal2\\Medisuplly-Front\\Medisupply-Frontend\\src\\app\\core\\domain\\entities\\ruta-entrega.entity.ts": {"lines":{"total":10,"covered":0,"skipped":0,"pct":0},"functions":{"total":2,"covered":0,"skipped":0,"pct":0},"statements":{"total":10,"covered":0,"skipped":0,"pct":0},"branches":{"total":4,"covered":0,"skipped":0,"pct":0}}
,"C:\\MISO\\ProyectoFinal2\\Medisuplly-Front\\Medisupply-Frontend\\src\\app\\core\\domain\\repositories\\meta-venta.repository.ts": {"lines":{"total":1,"covered":0,"skipped":0,"pct":0},"functions":{"total":0,"covered":0,"skipped":0,"pct":100},"statements":{"total":1,"covered":0,"skipped":0,"pct":0},"branches":{"total":0,"covered":0,"skipped":0,"pct":100}}
,"C:\\MISO\\ProyectoFinal2\\Medisuplly-Front\\Medisupply-Frontend\\src\\app\\core\\domain\\repositories\\product-location.repository.ts": {"lines":{"total":1,"covered":0,"skipped":0,"pct":0},"functions":{"total":0,"covered":0,"skipped":0,"pct":100},"statements":{"total":1,"covered":0,"skipped":0,"pct":0},"branches":{"total":0,"covered":0,"skipped":0,"pct":100}}
,"C:\\MISO\\ProyectoFinal2\\Medisuplly-Front\\Medisupply-Frontend\\src\\app\\core\\domain\\repositories\\producto.repository.ts": {"lines":{"total":1,"covered":1,"skipped":0,"pct":100},"functions":{"total":0,"covered":0,"skipped":0,"pct":100},"statements":{"total":1,"covered":1,"skipped":0,"pct":100},"branches":{"total":0,"covered":0,"skipped":0,"pct":100}}
,"C:\\MISO\\ProyectoFinal2\\Medisuplly-Front\\Medisupply-Frontend\\src\\app\\core\\domain\\repositories\\proveedor.repository.ts": {"lines":{"total":1,"covered":0,"skipped":0,"pct":0},"functions":{"total":0,"covered":0,"skipped":0,"pct":100},"statements":{"total":1,"covered":0,"skipped":0,"pct":0},"branches":{"total":0,"covered":0,"skipped":0,"pct":100}}
,"C:\\MISO\\ProyectoFinal2\\Medisuplly-Front\\Medisupply-Frontend\\src\\app\\core\\domain\\repositories\\ruta-entrega.repository.ts": {"lines":{"total":1,"covered":0,"skipped":0,"pct":0},"functions":{"total":0,"covered":0,"skipped":0,"pct":100},"statements":{"total":1,"covered":0,"skipped":0,"pct":0},"branches":{"total":0,"covered":0,"skipped":0,"pct":100}}
,"C:\\MISO\\ProyectoFinal2\\Medisuplly-Front\\Medisupply-Frontend\\src\\app\\core\\domain\\repositories\\vendedor.repository.ts": {"lines":{"total":1,"covered":0,"skipped":0,"pct":0},"functions":{"total":0,"covered":0,"skipped":0,"pct":100},"statements":{"total":1,"covered":0,"skipped":0,"pct":0},"branches":{"total":0,"covered":0,"skipped":0,"pct":100}}
,"C:\\MISO\\ProyectoFinal2\\Medisuplly-Front\\Medisupply-Frontend\\src\\app\\core\\infrastructure\\repositories\\http\\http-product-location.repository.ts": {"lines":{"total":37,"covered":0,"skipped":0,"pct":0},"functions":{"total":10,"covered":0,"skipped":0,"pct":0},"statements":{"total":40,"covered":0,"skipped":0,"pct":0},"branches":{"total":17,"covered":0,"skipped":0,"pct":0}}
,"C:\\MISO\\ProyectoFinal2\\Medisuplly-Front\\Medisupply-Frontend\\src\\app\\core\\infrastructure\\repositories\\http\\http-producto.repository.ts": {"lines":{"total":39,"covered":0,"skipped":0,"pct":0},"functions":{"total":16,"covered":0,"skipped":0,"pct":0},"statements":{"total":42,"covered":0,"skipped":0,"pct":0},"branches":{"total":22,"covered":0,"skipped":0,"pct":0}}
,"C:\\MISO\\ProyectoFinal2\\Medisuplly-Front\\Medisupply-Frontend\\src\\app\\core\\infrastructure\\repositories\\mock\\mock-meta-venta.repository.ts": {"lines":{"total":40,"covered":0,"skipped":0,"pct":0},"functions":{"total":20,"covered":0,"skipped":0,"pct":0},"statements":{"total":50,"covered":0,"skipped":0,"pct":0},"branches":{"total":11,"covered":0,"skipped":0,"pct":0}}
,"C:\\MISO\\ProyectoFinal2\\Medisuplly-Front\\Medisupply-Frontend\\src\\app\\core\\infrastructure\\repositories\\mock\\mock-proveedor.repository.ts": {"lines":{"total":30,"covered":0,"skipped":0,"pct":0},"functions":{"total":14,"covered":0,"skipped":0,"pct":0},"statements":{"total":37,"covered":0,"skipped":0,"pct":0},"branches":{"total":8,"covered":0,"skipped":0,"pct":0}}
,"C:\\MISO\\ProyectoFinal2\\Medisuplly-Front\\Medisupply-Frontend\\src\\app\\core\\infrastructure\\repositories\\mock\\mock-ruta-entrega.repository.ts": {"lines":{"total":25,"covered":0,"skipped":0,"pct":0},"functions":{"total":13,"covered":0,"skipped":0,"pct":0},"statements":{"total":31,"covered":0,"skipped":0,"pct":0},"branches":{"total":3,"covered":0,"skipped":0,"pct":0}}
,"C:\\MISO\\ProyectoFinal2\\Medisuplly-Front\\Medisupply-Frontend\\src\\app\\core\\infrastructure\\repositories\\mock\\mock-vendedor.repository.ts": {"lines":{"total":29,"covered":0,"skipped":0,"pct":0},"functions":{"total":14,"covered":0,"skipped":0,"pct":0},"statements":{"total":36,"covered":0,"skipped":0,"pct":0},"branches":{"total":10,"covered":0,"skipped":0,"pct":0}}
,"C:\\MISO\\ProyectoFinal2\\Medisuplly-Front\\Medisupply-Frontend\\src\\app\\presentation\\layout\\menu-principal\\menu-principal.component.ts": {"lines":{"total":20,"covered":0,"skipped":0,"pct":0},"functions":{"total":6,"covered":0,"skipped":0,"pct":0},"statements":{"total":22,"covered":0,"skipped":0,"pct":0},"branches":{"total":5,"covered":0,"skipped":0,"pct":0}}
,"C:\\MISO\\ProyectoFinal2\\Medisuplly-Front\\Medisupply-Frontend\\src\\app\\presentation\\pages\\dashboard-admin\\dashboard-admin.component.ts": {"lines":{"total":14,"covered":0,"skipped":0,"pct":0},"functions":{"total":4,"covered":0,"skipped":0,"pct":0},"statements":{"total":16,"covered":0,"skipped":0,"pct":0},"branches":{"total":3,"covered":0,"skipped":0,"pct":0}}
,"C:\\MISO\\ProyectoFinal2\\Medisuplly-Front\\Medisupply-Frontend\\src\\app\\presentation\\pages\\logistica\\ruta-entrega.service.ts": {"lines":{"total":7,"covered":0,"skipped":0,"pct":0},"functions":{"total":4,"covered":0,"skipped":0,"pct":0},"statements":{"total":10,"covered":0,"skipped":0,"pct":0},"branches":{"total":2,"covered":0,"skipped":0,"pct":0}}
,"C:\\MISO\\ProyectoFinal2\\Medisuplly-Front\\Medisupply-Frontend\\src\\app\\presentation\\pages\\logistica\\ruta-entrega-list\\ruta-entrega-list.component.ts": {"lines":{"total":47,"covered":0,"skipped":0,"pct":0},"functions":{"total":10,"covered":0,"skipped":0,"pct":0},"statements":{"total":49,"covered":0,"skipped":0,"pct":0},"branches":{"total":2,"covered":0,"skipped":0,"pct":0}}
,"C:\\MISO\\ProyectoFinal2\\Medisuplly-Front\\Medisupply-Frontend\\src\\app\\presentation\\pages\\metas\\meta.service.ts": {"lines":{"total":20,"covered":0,"skipped":0,"pct":0},"functions":{"total":9,"covered":0,"skipped":0,"pct":0},"statements":{"total":26,"covered":0,"skipped":0,"pct":0},"branches":{"total":6,"covered":0,"skipped":0,"pct":0}}
,"C:\\MISO\\ProyectoFinal2\\Medisuplly-Front\\Medisupply-Frontend\\src\\app\\presentation\\pages\\metas\\meta-list\\meta-list.component.ts": {"lines":{"total":69,"covered":0,"skipped":0,"pct":0},"functions":{"total":16,"covered":0,"skipped":0,"pct":0},"statements":{"total":72,"covered":0,"skipped":0,"pct":0},"branches":{"total":18,"covered":0,"skipped":0,"pct":0}}
,"C:\\MISO\\ProyectoFinal2\\Medisuplly-Front\\Medisupply-Frontend\\src\\app\\presentation\\pages\\metas\\meta-vendedor\\meta-vendedor.component.ts": {"lines":{"total":5,"covered":0,"skipped":0,"pct":0},"functions":{"total":1,"covered":0,"skipped":0,"pct":0},"statements":{"total":6,"covered":0,"skipped":0,"pct":0},"branches":{"total":0,"covered":0,"skipped":0,"pct":100}}
,"C:\\MISO\\ProyectoFinal2\\Medisuplly-Front\\Medisupply-Frontend\\src\\app\\presentation\\pages\\productos\\producto-create\\producto-create.component.ts": {"lines":{"total":48,"covered":48,"skipped":0,"pct":100},"functions":{"total":8,"covered":8,"skipped":0,"pct":100},"statements":{"total":49,"covered":49,"skipped":0,"pct":100},"branches":{"total":8,"covered":8,"skipped":0,"pct":100}}
,"C:\\MISO\\ProyectoFinal2\\Medisuplly-Front\\Medisupply-Frontend\\src\\app\\presentation\\pages\\productos\\producto-detail\\producto-detail.component.ts": {"lines":{"total":46,"covered":46,"skipped":0,"pct":100},"functions":{"total":9,"covered":9,"skipped":0,"pct":100},"statements":{"total":50,"covered":50,"skipped":0,"pct":100},"branches":{"total":8,"covered":8,"skipped":0,"pct":100}}
,"C:\\MISO\\ProyectoFinal2\\Medisuplly-Front\\Medisupply-Frontend\\src\\app\\presentation\\pages\\productos\\producto-edit\\producto-edit.component.ts": {"lines":{"total":78,"covered":78,"skipped":0,"pct":100},"functions":{"total":15,"covered":15,"skipped":0,"pct":100},"statements":{"total":81,"covered":81,"skipped":0,"pct":100},"branches":{"total":15,"covered":15,"skipped":0,"pct":100}}
,"C:\\MISO\\ProyectoFinal2\\Medisuplly-Front\\Medisupply-Frontend\\src\\app\\presentation\\pages\\productos\\producto-list\\producto-list.component.ts": {"lines":{"total":89,"covered":89,"skipped":0,"pct":100},"functions":{"total":22,"covered":22,"skipped":0,"pct":100},"statements":{"total":90,"covered":90,"skipped":0,"pct":100},"branches":{"total":29,"covered":28,"skipped":0,"pct":96.55}}
,"C:\\MISO\\ProyectoFinal2\\Medisuplly-Front\\Medisupply-Frontend\\src\\app\\presentation\\pages\\productos\\producto-list-clean\\producto-list-clean.component.ts": {"lines":{"total":73,"covered":73,"skipped":0,"pct":100},"functions":{"total":17,"covered":17,"skipped":0,"pct":100},"statements":{"total":74,"covered":74,"skipped":0,"pct":100},"branches":{"total":26,"covered":24,"skipped":0,"pct":92.3}}
,"C:\\MISO\\ProyectoFinal2\\Medisuplly-Front\\Medisupply-Frontend\\src\\app\\presentation\\pages\\productos\\producto-localizacion\\producto-localizacion.component.ts": {"lines":{"total":98,"covered":0,"skipped":0,"pct":0},"functions":{"total":27,"covered":0,"skipped":0,"pct":0},"statements":{"total":110,"covered":0,"skipped":0,"pct":0},"branches":{"total":21,"covered":0,"skipped":0,"pct":0}}
,"C:\\MISO\\ProyectoFinal2\\Medisuplly-Front\\Medisupply-Frontend\\src\\app\\presentation\\pages\\productos\\producto-localizacion\\producto-localizacion.service.ts": {"lines":{"total":9,"covered":0,"skipped":0,"pct":0},"functions":{"total":4,"covered":0,"skipped":0,"pct":0},"statements":{"total":11,"covered":0,"skipped":0,"pct":0},"branches":{"total":4,"covered":0,"skipped":0,"pct":0}}
,"C:\\MISO\\ProyectoFinal2\\Medisuplly-Front\\Medisupply-Frontend\\src\\app\\presentation\\pages\\productos\\producto-upload\\producto-upload.component.ts": {"lines":{"total":37,"covered":37,"skipped":0,"pct":100},"functions":{"total":6,"covered":6,"skipped":0,"pct":100},"statements":{"total":39,"covered":39,"skipped":0,"pct":100},"branches":{"total":11,"covered":11,"skipped":0,"pct":100}}
,"C:\\MISO\\ProyectoFinal2\\Medisuplly-Front\\Medisupply-Frontend\\src\\app\\presentation\\pages\\proveedores\\proveedor.service.ts": {"lines":{"total":16,"covered":0,"skipped":0,"pct":0},"functions":{"total":10,"covered":0,"skipped":0,"pct":0},"statements":{"total":19,"covered":0,"skipped":0,"pct":0},"branches":{"total":2,"covered":0,"skipped":0,"pct":0}}
,"C:\\MISO\\ProyectoFinal2\\Medisuplly-Front\\Medisupply-Frontend\\src\\app\\presentation\\pages\\proveedores\\proveedores.component.ts": {"lines":{"total":7,"covered":0,"skipped":0,"pct":0},"functions":{"total":3,"covered":0,"skipped":0,"pct":0},"statements":{"total":10,"covered":0,"skipped":0,"pct":0},"branches":{"total":0,"covered":0,"skipped":0,"pct":100}}
,"C:\\MISO\\ProyectoFinal2\\Medisuplly-Front\\Medisupply-Frontend\\src\\app\\presentation\\pages\\proveedores\\proveedor-list\\proveedor-list-clean.component.ts": {"lines":{"total":105,"covered":0,"skipped":0,"pct":0},"functions":{"total":24,"covered":0,"skipped":0,"pct":0},"statements":{"total":108,"covered":0,"skipped":0,"pct":0},"branches":{"total":23,"covered":0,"skipped":0,"pct":0}}
,"C:\\MISO\\ProyectoFinal2\\Medisuplly-Front\\Medisupply-Frontend\\src\\app\\presentation\\pages\\proveedores\\proveedor-list\\proveedor-list.component.ts": {"lines":{"total":86,"covered":0,"skipped":0,"pct":0},"functions":{"total":16,"covered":0,"skipped":0,"pct":0},"statements":{"total":89,"covered":0,"skipped":0,"pct":0},"branches":{"total":23,"covered":0,"skipped":0,"pct":0}}
,"C:\\MISO\\ProyectoFinal2\\Medisuplly-Front\\Medisupply-Frontend\\src\\app\\presentation\\pages\\proveedores\\proveedor-upload\\proveedor-upload.component.ts": {"lines":{"total":37,"covered":0,"skipped":0,"pct":0},"functions":{"total":6,"covered":0,"skipped":0,"pct":0},"statements":{"total":39,"covered":0,"skipped":0,"pct":0},"branches":{"total":11,"covered":0,"skipped":0,"pct":0}}
,"C:\\MISO\\ProyectoFinal2\\Medisuplly-Front\\Medisupply-Frontend\\src\\app\\presentation\\pages\\vendedores\\vendedor-list.component.ts": {"lines":{"total":78,"covered":0,"skipped":0,"pct":0},"functions":{"total":15,"covered":0,"skipped":0,"pct":0},"statements":{"total":81,"covered":0,"skipped":0,"pct":0},"branches":{"total":11,"covered":0,"skipped":0,"pct":0}}
,"C:\\MISO\\ProyectoFinal2\\Medisuplly-Front\\Medisupply-Frontend\\src\\app\\presentation\\pages\\vendedores\\vendedor.service.ts": {"lines":{"total":14,"covered":0,"skipped":0,"pct":0},"functions":{"total":8,"covered":0,"skipped":0,"pct":0},"statements":{"total":16,"covered":0,"skipped":0,"pct":0},"branches":{"total":0,"covered":0,"skipped":0,"pct":100}}
,"C:\\MISO\\ProyectoFinal2\\Medisuplly-Front\\Medisupply-Frontend\\src\\app\\presentation\\pages\\ventas\\informe-ventas\\informe-ventas.component.ts": {"lines":{"total":34,"covered":0,"skipped":0,"pct":0},"functions":{"total":7,"covered":0,"skipped":0,"pct":0},"statements":{"total":35,"covered":0,"skipped":0,"pct":0},"branches":{"total":8,"covered":0,"skipped":0,"pct":0}}
,"C:\\MISO\\ProyectoFinal2\\Medisuplly-Front\\Medisupply-Frontend\\src\\app\\presentation\\shared\\components\\confirm-dialog\\confirm-dialog.component.ts": {"lines":{"total":24,"covered":6,"skipped":0,"pct":25},"functions":{"total":6,"covered":0,"skipped":0,"pct":0},"statements":{"total":25,"covered":7,"skipped":0,"pct":28},"branches":{"total":11,"covered":0,"skipped":0,"pct":0}}
,"C:\\MISO\\ProyectoFinal2\\Medisuplly-Front\\Medisupply-Frontend\\src\\app\\presentation\\shared\\services\\confirm-dialog.service.ts": {"lines":{"total":9,"covered":4,"skipped":0,"pct":44.44},"functions":{"total":4,"covered":0,"skipped":0,"pct":0},"statements":{"total":10,"covered":5,"skipped":0,"pct":50},"branches":{"total":0,"covered":0,"skipped":0,"pct":100}}
,"C:\\MISO\\ProyectoFinal2\\Medisuplly-Front\\Medisupply-Frontend\\src\\app\\presentation\\shared\\services\\notification.service.ts": {"lines":{"total":10,"covered":4,"skipped":0,"pct":40},"functions":{"total":5,"covered":0,"skipped":0,"pct":0},"statements":{"total":12,"covered":6,"skipped":0,"pct":50},"branches":{"total":0,"covered":0,"skipped":0,"pct":100}}
,"C:\\MISO\\ProyectoFinal2\\Medisuplly-Front\\Medisupply-Frontend\\src\\app\\proveedores\\proveedor-list\\proveedor-list-clean.component.ts": {"lines":{"total":105,"covered":0,"skipped":0,"pct":0},"functions":{"total":24,"covered":0,"skipped":0,"pct":0},"statements":{"total":108,"covered":0,"skipped":0,"pct":0},"branches":{"total":23,"covered":0,"skipped":0,"pct":0}}
}
