TN:
SF:src\app\app.component.ts
FN:13,(anonymous_0)
FN:18,(anonymous_1)
FN:22,(anonymous_2)
FN:26,(anonymous_3)
FN:30,(anonymous_4)
FNF:5
FNH:0
FNDA:0,(anonymous_0)
FNDA:0,(anonymous_1)
FNDA:0,(anonymous_2)
FNDA:0,(anonymous_3)
FNDA:0,(anonymous_4)
DA:1,0
DA:2,0
DA:3,0
DA:4,0
DA:13,0
DA:14,0
DA:16,0
DA:19,0
DA:23,0
DA:27,0
DA:31,0
LF:11
LH:0
BRF:0
BRH:0
end_of_record
TN:
SF:src\app\app.config.ts
FNF:0
FNH:0
DA:1,0
DA:2,0
DA:3,0
DA:4,0
DA:5,0
DA:7,0
DA:8,0
DA:9,0
DA:11,0
LF:9
LH:0
BRF:0
BRH:0
end_of_record
TN:
SF:src\app\app.routes.ts
FN:6,(anonymous_9)
FN:6,(anonymous_10)
FN:7,(anonymous_11)
FN:11,(anonymous_12)
FN:11,(anonymous_13)
FN:12,(anonymous_14)
FN:16,(anonymous_15)
FN:16,(anonymous_16)
FN:17,(anonymous_17)
FN:21,(anonymous_18)
FN:21,(anonymous_19)
FN:22,(anonymous_20)
FN:26,(anonymous_21)
FN:26,(anonymous_22)
FN:27,(anonymous_23)
FN:31,(anonymous_24)
FN:31,(anonymous_25)
FN:32,(anonymous_26)
FN:36,(anonymous_27)
FN:36,(anonymous_28)
FN:37,(anonymous_29)
FN:41,(anonymous_30)
FN:41,(anonymous_31)
FN:42,(anonymous_32)
FN:46,(anonymous_33)
FN:46,(anonymous_34)
FN:47,(anonymous_35)
FN:51,(anonymous_36)
FN:51,(anonymous_37)
FN:52,(anonymous_38)
FN:56,(anonymous_39)
FN:56,(anonymous_40)
FN:57,(anonymous_41)
FN:61,(anonymous_42)
FN:61,(anonymous_43)
FN:62,(anonymous_44)
FN:66,(anonymous_45)
FN:66,(anonymous_46)
FN:67,(anonymous_47)
FN:71,(anonymous_48)
FN:71,(anonymous_49)
FN:72,(anonymous_50)
FNF:42
FNH:0
FNDA:0,(anonymous_9)
FNDA:0,(anonymous_10)
FNDA:0,(anonymous_11)
FNDA:0,(anonymous_12)
FNDA:0,(anonymous_13)
FNDA:0,(anonymous_14)
FNDA:0,(anonymous_15)
FNDA:0,(anonymous_16)
FNDA:0,(anonymous_17)
FNDA:0,(anonymous_18)
FNDA:0,(anonymous_19)
FNDA:0,(anonymous_20)
FNDA:0,(anonymous_21)
FNDA:0,(anonymous_22)
FNDA:0,(anonymous_23)
FNDA:0,(anonymous_24)
FNDA:0,(anonymous_25)
FNDA:0,(anonymous_26)
FNDA:0,(anonymous_27)
FNDA:0,(anonymous_28)
FNDA:0,(anonymous_29)
FNDA:0,(anonymous_30)
FNDA:0,(anonymous_31)
FNDA:0,(anonymous_32)
FNDA:0,(anonymous_33)
FNDA:0,(anonymous_34)
FNDA:0,(anonymous_35)
FNDA:0,(anonymous_36)
FNDA:0,(anonymous_37)
FNDA:0,(anonymous_38)
FNDA:0,(anonymous_39)
FNDA:0,(anonymous_40)
FNDA:0,(anonymous_41)
FNDA:0,(anonymous_42)
FNDA:0,(anonymous_43)
FNDA:0,(anonymous_44)
FNDA:0,(anonymous_45)
FNDA:0,(anonymous_46)
FNDA:0,(anonymous_47)
FNDA:0,(anonymous_48)
FNDA:0,(anonymous_49)
FNDA:0,(anonymous_50)
DA:3,0
DA:6,0
DA:7,0
DA:11,0
DA:12,0
DA:16,0
DA:17,0
DA:21,0
DA:22,0
DA:26,0
DA:27,0
DA:31,0
DA:32,0
DA:36,0
DA:37,0
DA:41,0
DA:42,0
DA:46,0
DA:47,0
DA:51,0
DA:52,0
DA:56,0
DA:57,0
DA:61,0
DA:62,0
DA:66,0
DA:67,0
DA:71,0
DA:72,0
LF:29
LH:0
BRF:0
BRH:0
end_of_record
TN:
SF:src\app\app.ts
FN:10,(anonymous_0)
FNF:1
FNH:0
FNDA:0,(anonymous_0)
DA:1,0
DA:2,0
DA:10,0
DA:11,0
LF:4
LH:0
BRF:0
BRH:0
end_of_record
TN:
SF:src\app\core\core.providers.ts
FNF:0
FNH:0
DA:3,0
DA:4,0
DA:5,0
DA:6,0
DA:7,0
DA:8,0
DA:10,0
DA:11,0
DA:12,0
DA:13,0
DA:14,0
DA:15,0
DA:17,0
LF:13
LH:0
BRF:0
BRH:0
end_of_record
TN:
SF:src\app\core\application\use-cases\meta\meta-venta.use-cases.ts
FN:16,(anonymous_0)
FN:18,(anonymous_1)
FN:24,(anonymous_2)
FN:26,(anonymous_3)
FN:32,(anonymous_4)
FN:35,(anonymous_5)
FN:40,(anonymous_6)
FN:57,(anonymous_7)
FN:60,(anonymous_8)
FN:69,(anonymous_9)
FN:72,(anonymous_10)
FN:81,(anonymous_11)
FN:84,(anonymous_12)
FNF:13
FNH:0
FNDA:0,(anonymous_0)
FNDA:0,(anonymous_1)
FNDA:0,(anonymous_2)
FNDA:0,(anonymous_3)
FNDA:0,(anonymous_4)
FNDA:0,(anonymous_5)
FNDA:0,(anonymous_6)
FNDA:0,(anonymous_7)
FNDA:0,(anonymous_8)
FNDA:0,(anonymous_9)
FNDA:0,(anonymous_10)
FNDA:0,(anonymous_11)
FNDA:0,(anonymous_12)
DA:1,0
DA:3,0
DA:16,0
DA:17,0
DA:19,0
DA:24,0
DA:25,0
DA:27,0
DA:32,0
DA:33,0
DA:36,0
DA:37,0
DA:41,0
DA:42,0
DA:44,0
DA:45,0
DA:47,0
DA:48,0
DA:50,0
DA:51,0
DA:57,0
DA:58,0
DA:61,0
DA:62,0
DA:64,0
DA:69,0
DA:70,0
DA:73,0
DA:74,0
DA:76,0
DA:81,0
DA:82,0
DA:85,0
DA:86,0
DA:88,0
DA:89,0
DA:91,0
LF:37
LH:0
BRDA:41,0,0,0
BRDA:41,1,0,0
BRDA:41,1,1,0
BRDA:44,2,0,0
BRDA:44,3,0,0
BRDA:44,3,1,0
BRDA:47,4,0,0
BRDA:50,5,0,0
BRDA:61,6,0,0
BRDA:73,7,0,0
BRDA:85,8,0,0
BRDA:88,9,0,0
BRF:12
BRH:0
end_of_record
TN:
SF:src\app\core\application\use-cases\product-location\product-location.use-cases.ts
FN:8,(anonymous_0)
FN:10,(anonymous_1)
FN:22,(anonymous_3)
FN:24,(anonymous_4)
FN:39,(anonymous_6)
FN:41,(anonymous_7)
FN:52,(anonymous_9)
FN:54,(anonymous_10)
FN:65,(anonymous_12)
FN:67,(anonymous_13)
FNF:10
FNH:0
FNDA:0,(anonymous_0)
FNDA:0,(anonymous_1)
FNDA:0,(anonymous_3)
FNDA:0,(anonymous_4)
FNDA:0,(anonymous_6)
FNDA:0,(anonymous_7)
FNDA:0,(anonymous_9)
FNDA:0,(anonymous_10)
FNDA:0,(anonymous_12)
FNDA:0,(anonymous_13)
DA:1,0
DA:3,0
DA:7,0
DA:8,0
DA:12,0
DA:13,0
DA:16,0
DA:21,0
DA:22,0
DA:25,0
DA:26,0
DA:29,0
DA:30,0
DA:33,0
DA:38,0
DA:39,0
DA:42,0
DA:43,0
DA:46,0
DA:51,0
DA:52,0
DA:55,0
DA:56,0
DA:59,0
DA:64,0
DA:65,0
DA:68,0
DA:69,0
DA:72,0
LF:29
LH:0
BRDA:12,0,0,0
BRDA:12,1,0,0
BRDA:12,1,1,0
BRDA:12,1,2,0
BRDA:12,1,3,0
BRDA:12,1,4,0
BRDA:24,2,0,0
BRDA:25,3,0,0
BRDA:25,4,0,0
BRDA:25,4,1,0
BRDA:29,5,0,0
BRDA:41,6,0,0
BRDA:42,7,0,0
BRDA:42,8,0,0
BRDA:42,8,1,0
BRDA:55,9,0,0
BRDA:55,10,0,0
BRDA:55,10,1,0
BRDA:68,11,0,0
BRDA:68,12,0,0
BRDA:68,12,1,0
BRF:21
BRH:0
end_of_record
TN:
SF:src\app\core\application\use-cases\producto\create-product.use-case.ts
FN:9,(anonymous_0)
FN:12,(anonymous_1)
FNF:2
FNH:0
FNDA:0,(anonymous_0)
FNDA:0,(anonymous_1)
DA:1,1
DA:3,1
DA:9,1
DA:10,0
DA:13,0
LF:5
LH:3
BRF:0
BRH:0
end_of_record
TN:
SF:src\app\core\application\use-cases\producto\delete-product.use-case.ts
FN:8,(anonymous_0)
FN:11,(anonymous_1)
FNF:2
FNH:0
FNDA:0,(anonymous_0)
FNDA:0,(anonymous_1)
DA:1,1
DA:3,1
DA:8,1
DA:9,0
DA:12,0
LF:5
LH:3
BRF:0
BRH:0
end_of_record
TN:
SF:src\app\core\application\use-cases\producto\get-product-by-id.use-case.ts
FN:9,(anonymous_0)
FN:12,(anonymous_1)
FNF:2
FNH:0
FNDA:0,(anonymous_0)
FNDA:0,(anonymous_1)
DA:1,2
DA:3,2
DA:9,2
DA:10,0
DA:13,0
LF:5
LH:3
BRF:0
BRH:0
end_of_record
TN:
SF:src\app\core\application\use-cases\producto\get-product-by-sku.use-case.ts
FN:8,(anonymous_0)
FN:10,(anonymous_1)
FNF:2
FNH:0
FNDA:0,(anonymous_0)
FNDA:0,(anonymous_1)
DA:1,0
DA:3,0
DA:7,0
DA:8,0
DA:11,0
DA:12,0
DA:14,0
LF:7
LH:0
BRDA:11,0,0,0
BRDA:11,1,0,0
BRDA:11,1,1,0
BRF:3
BRH:0
end_of_record
TN:
SF:src\app\core\application\use-cases\producto\get-products.use-case.ts
FN:8,(anonymous_0)
FN:10,(anonymous_1)
FN:17,(anonymous_3)
FN:19,(anonymous_4)
FN:26,(anonymous_6)
FN:28,(anonymous_7)
FN:38,(anonymous_9)
FN:40,(anonymous_10)
FN:47,(anonymous_12)
FN:49,(anonymous_13)
FNF:10
FNH:0
FNDA:0,(anonymous_0)
FNDA:0,(anonymous_1)
FNDA:0,(anonymous_3)
FNDA:0,(anonymous_4)
FNDA:0,(anonymous_6)
FNDA:0,(anonymous_7)
FNDA:0,(anonymous_9)
FNDA:0,(anonymous_10)
FNDA:0,(anonymous_12)
FNDA:0,(anonymous_13)
DA:1,2
DA:3,2
DA:7,2
DA:8,0
DA:11,0
DA:16,2
DA:17,0
DA:20,0
DA:25,2
DA:26,0
DA:29,0
DA:30,0
DA:32,0
DA:37,2
DA:38,0
DA:41,0
DA:46,2
DA:47,0
DA:50,0
DA:51,0
DA:53,0
LF:21
LH:7
BRDA:29,0,0,0
BRDA:29,1,0,0
BRDA:29,1,1,0
BRDA:50,2,0,0
BRF:4
BRH:0
end_of_record
TN:
SF:src\app\core\application\use-cases\producto\search-products.use-case.ts
FN:8,(anonymous_0)
FN:10,(anonymous_1)
FNF:2
FNH:0
FNDA:0,(anonymous_0)
FNDA:0,(anonymous_1)
DA:1,2
DA:3,2
DA:7,2
DA:8,0
DA:11,0
DA:12,0
DA:14,0
LF:7
LH:3
BRDA:11,0,0,0
BRDA:11,1,0,0
BRDA:11,1,1,0
BRF:3
BRH:0
end_of_record
TN:
SF:src\app\core\application\use-cases\producto\update-product.use-case.ts
FN:9,(anonymous_0)
FN:12,(anonymous_1)
FNF:2
FNH:0
FNDA:0,(anonymous_0)
FNDA:0,(anonymous_1)
DA:1,1
DA:3,1
DA:9,1
DA:10,0
DA:13,0
LF:5
LH:3
BRF:0
BRH:0
end_of_record
TN:
SF:src\app\core\application\use-cases\proveedor\create-proveedor.use-case.ts
FN:7,(anonymous_0)
FN:10,(anonymous_1)
FN:15,(anonymous_2)
FN:29,(anonymous_3)
FN:33,(anonymous_4)
FNF:5
FNH:0
FNDA:0,(anonymous_0)
FNDA:0,(anonymous_1)
FNDA:0,(anonymous_2)
FNDA:0,(anonymous_3)
FNDA:0,(anonymous_4)
DA:1,0
DA:3,0
DA:7,0
DA:8,0
DA:11,0
DA:12,0
DA:16,0
DA:17,0
DA:20,0
DA:21,0
DA:24,0
DA:25,0
DA:30,0
DA:34,0
LF:14
LH:0
BRDA:16,0,0,0
BRDA:16,1,0,0
BRDA:16,1,1,0
BRDA:20,2,0,0
BRDA:20,3,0,0
BRDA:20,3,1,0
BRDA:24,4,0,0
BRF:7
BRH:0
end_of_record
TN:
SF:src\app\core\application\use-cases\proveedor\delete-proveedor.use-case.ts
FN:6,(anonymous_0)
FN:9,(anonymous_1)
FNF:2
FNH:0
FNDA:0,(anonymous_0)
FNDA:0,(anonymous_1)
DA:1,0
DA:3,0
DA:6,0
DA:7,0
DA:10,0
DA:11,0
DA:14,0
LF:7
LH:0
BRDA:10,0,0,0
BRF:1
BRH:0
end_of_record
TN:
SF:src\app\core\application\use-cases\proveedor\get-all-proveedores.use-case.ts
FN:7,(anonymous_0)
FN:10,(anonymous_1)
FNF:2
FNH:0
FNDA:0,(anonymous_0)
FNDA:0,(anonymous_1)
DA:1,0
DA:3,0
DA:7,0
DA:8,0
DA:11,0
LF:5
LH:0
BRF:0
BRH:0
end_of_record
TN:
SF:src\app\core\application\use-cases\proveedor\get-proveedor-by-id.use-case.ts
FN:7,(anonymous_0)
FN:10,(anonymous_1)
FNF:2
FNH:0
FNDA:0,(anonymous_0)
FNDA:0,(anonymous_1)
DA:1,0
DA:3,0
DA:7,0
DA:8,0
DA:11,0
LF:5
LH:0
BRF:0
BRH:0
end_of_record
TN:
SF:src\app\core\application\use-cases\proveedor\search-proveedores.use-case.ts
FN:7,(anonymous_0)
FN:10,(anonymous_1)
FNF:2
FNH:0
FNDA:0,(anonymous_0)
FNDA:0,(anonymous_1)
DA:1,0
DA:3,0
DA:7,0
DA:8,0
DA:11,0
DA:12,0
DA:15,0
LF:7
LH:0
BRDA:11,0,0,0
BRDA:11,1,0,0
BRDA:11,1,1,0
BRF:3
BRH:0
end_of_record
TN:
SF:src\app\core\application\use-cases\proveedor\update-proveedor.use-case.ts
FN:7,(anonymous_0)
FN:10,(anonymous_1)
FNF:2
FNH:0
FNDA:0,(anonymous_0)
FNDA:0,(anonymous_1)
DA:1,0
DA:3,0
DA:7,0
DA:8,0
DA:11,0
DA:12,0
DA:15,0
LF:7
LH:0
BRDA:11,0,0,0
BRF:1
BRH:0
end_of_record
TN:
SF:src\app\core\application\use-cases\ruta-entrega\ruta-entrega.use-cases.ts
FN:16,(anonymous_0)
FN:18,(anonymous_1)
FN:24,(anonymous_2)
FN:26,(anonymous_3)
FN:32,(anonymous_4)
FN:35,(anonymous_5)
FN:40,(anonymous_6)
FN:54,(anonymous_7)
FN:57,(anonymous_8)
FN:66,(anonymous_9)
FN:69,(anonymous_10)
FNF:11
FNH:0
FNDA:0,(anonymous_0)
FNDA:0,(anonymous_1)
FNDA:0,(anonymous_2)
FNDA:0,(anonymous_3)
FNDA:0,(anonymous_4)
FNDA:0,(anonymous_5)
FNDA:0,(anonymous_6)
FNDA:0,(anonymous_7)
FNDA:0,(anonymous_8)
FNDA:0,(anonymous_9)
FNDA:0,(anonymous_10)
DA:1,0
DA:3,0
DA:16,0
DA:17,0
DA:19,0
DA:24,0
DA:25,0
DA:27,0
DA:32,0
DA:33,0
DA:36,0
DA:37,0
DA:41,0
DA:42,0
DA:44,0
DA:45,0
DA:47,0
DA:48,0
DA:54,0
DA:55,0
DA:58,0
DA:59,0
DA:61,0
DA:66,0
DA:67,0
DA:70,0
LF:26
LH:0
BRDA:41,0,0,0
BRDA:41,1,0,0
BRDA:41,1,1,0
BRDA:44,2,0,0
BRDA:44,3,0,0
BRDA:44,3,1,0
BRDA:47,4,0,0
BRDA:47,5,0,0
BRDA:47,5,1,0
BRDA:58,6,0,0
BRF:10
BRH:0
end_of_record
TN:
SF:src\app\core\application\use-cases\vendedor\vendedor.use-cases.ts
FN:11,(anonymous_0)
FN:13,(anonymous_1)
FN:19,(anonymous_2)
FN:21,(anonymous_3)
FN:27,(anonymous_4)
FN:30,(anonymous_5)
FN:35,(anonymous_6)
FN:47,(anonymous_7)
FN:53,(anonymous_8)
FN:56,(anonymous_9)
FN:65,(anonymous_10)
FN:68,(anonymous_11)
FN:77,(anonymous_12)
FN:80,(anonymous_13)
FNF:14
FNH:0
FNDA:0,(anonymous_0)
FNDA:0,(anonymous_1)
FNDA:0,(anonymous_2)
FNDA:0,(anonymous_3)
FNDA:0,(anonymous_4)
FNDA:0,(anonymous_5)
FNDA:0,(anonymous_6)
FNDA:0,(anonymous_7)
FNDA:0,(anonymous_8)
FNDA:0,(anonymous_9)
FNDA:0,(anonymous_10)
FNDA:0,(anonymous_11)
FNDA:0,(anonymous_12)
FNDA:0,(anonymous_13)
DA:1,0
DA:3,0
DA:11,0
DA:12,0
DA:14,0
DA:19,0
DA:20,0
DA:22,0
DA:27,0
DA:28,0
DA:31,0
DA:32,0
DA:36,0
DA:37,0
DA:39,0
DA:40,0
DA:42,0
DA:43,0
DA:48,0
DA:53,0
DA:54,0
DA:57,0
DA:58,0
DA:60,0
DA:65,0
DA:66,0
DA:69,0
DA:70,0
DA:72,0
DA:77,0
DA:78,0
DA:81,0
DA:82,0
DA:84,0
LF:34
LH:0
BRDA:36,0,0,0
BRDA:36,1,0,0
BRDA:36,1,1,0
BRDA:39,2,0,0
BRDA:39,3,0,0
BRDA:39,3,1,0
BRDA:42,4,0,0
BRDA:57,5,0,0
BRDA:69,6,0,0
BRDA:81,7,0,0
BRDA:81,8,0,0
BRDA:81,8,1,0
BRF:12
BRH:0
end_of_record
TN:
SF:src\app\core\domain\entities\meta-venta.entity.ts
FN:18,(anonymous_0)
FN:23,(anonymous_1)
FNF:2
FNH:0
FNDA:0,(anonymous_0)
FNDA:0,(anonymous_1)
DA:18,0
DA:19,0
DA:20,0
DA:23,0
DA:24,0
DA:25,0
DA:26,0
DA:27,0
LF:8
LH:0
BRDA:18,0,0,0
BRDA:18,0,1,0
BRDA:23,1,0,0
BRDA:23,1,1,0
BRF:4
BRH:0
end_of_record
TN:
SF:src\app\core\domain\entities\proveedor.entity.ts
FN:13,(anonymous_0)
FNF:1
FNH:0
FNDA:0,(anonymous_0)
DA:13,0
DA:14,0
DA:15,0
DA:16,0
LF:4
LH:0
BRDA:13,0,0,0
BRDA:13,0,1,0
BRF:2
BRH:0
end_of_record
TN:
SF:src\app\core\domain\entities\ruta-entrega.entity.ts
FN:14,(anonymous_0)
FN:30,(anonymous_1)
FNF:2
FNH:0
FNDA:0,(anonymous_0)
FNDA:0,(anonymous_1)
DA:14,0
DA:15,0
DA:16,0
DA:17,0
DA:18,0
DA:30,0
DA:31,0
DA:32,0
DA:33,0
DA:34,0
LF:10
LH:0
BRDA:14,0,0,0
BRDA:14,0,1,0
BRDA:30,1,0,0
BRDA:30,1,1,0
BRF:4
BRH:0
end_of_record
TN:
SF:src\app\core\domain\repositories\meta-venta.repository.ts
FNF:0
FNH:0
DA:12,0
LF:1
LH:0
BRF:0
BRH:0
end_of_record
TN:
SF:src\app\core\domain\repositories\product-location.repository.ts
FNF:0
FNH:0
DA:8,0
LF:1
LH:0
BRF:0
BRH:0
end_of_record
TN:
SF:src\app\core\domain\repositories\producto.repository.ts
FNF:0
FNH:0
DA:51,5
LF:1
LH:1
BRF:0
BRH:0
end_of_record
TN:
SF:src\app\core\domain\repositories\proveedor.repository.ts
FNF:0
FNH:0
DA:4,0
LF:1
LH:0
BRF:0
BRH:0
end_of_record
TN:
SF:src\app\core\domain\repositories\ruta-entrega.repository.ts
FNF:0
FNH:0
DA:12,0
LF:1
LH:0
BRF:0
BRH:0
end_of_record
TN:
SF:src\app\core\domain\repositories\vendedor.repository.ts
FNF:0
FNH:0
DA:7,0
LF:1
LH:0
BRF:0
BRH:0
end_of_record
TN:
SF:src\app\core\infrastructure\repositories\http\http-product-location.repository.ts
FN:14,(anonymous_0)
FN:18,(anonymous_1)
FN:24,(anonymous_2)
FN:35,(anonymous_3)
FN:43,(anonymous_4)
FN:50,(anonymous_5)
FN:58,(anonymous_6)
FN:61,(anonymous_7)
FN:71,(anonymous_8)
FN:95,(anonymous_9)
FNF:10
FNH:0
FNDA:0,(anonymous_0)
FNDA:0,(anonymous_1)
FNDA:0,(anonymous_2)
FNDA:0,(anonymous_3)
FNDA:0,(anonymous_4)
FNDA:0,(anonymous_5)
FNDA:0,(anonymous_6)
FNDA:0,(anonymous_7)
FNDA:0,(anonymous_8)
FNDA:0,(anonymous_9)
DA:1,0
DA:2,0
DA:3,0
DA:4,0
DA:5,0
DA:11,0
DA:14,0
DA:15,0
DA:16,0
DA:19,0
DA:20,0
DA:25,0
DA:27,0
DA:28,0
DA:31,0
DA:36,0
DA:44,0
DA:51,0
DA:59,0
DA:61,0
DA:62,0
DA:63,0
DA:64,0
DA:68,0
DA:72,0
DA:74,0
DA:76,0
DA:79,0
DA:81,0
DA:82,0
DA:84,0
DA:85,0
DA:87,0
DA:88,0
DA:90,0
DA:94,0
DA:95,0
LF:37
LH:0
BRDA:27,0,0,0
BRDA:35,1,0,0
BRDA:50,2,0,0
BRDA:63,3,0,0
BRDA:63,4,0,0
BRDA:63,4,1,0
BRDA:63,4,2,0
BRDA:74,5,0,0
BRDA:74,5,1,0
BRDA:79,6,0,0
BRDA:79,6,1,0
BRDA:79,6,2,0
BRDA:79,6,3,0
BRDA:81,7,0,0
BRDA:81,7,1,0
BRDA:90,8,0,0
BRDA:90,8,1,0
BRF:17
BRH:0
end_of_record
TN:
SF:src\app\core\infrastructure\repositories\http\http-producto.repository.ts
FN:15,(anonymous_0)
FN:19,(anonymous_1)
FN:25,(anonymous_2)
FN:30,(anonymous_3)
FN:35,(anonymous_4)
FN:44,(anonymous_5)
FN:52,(anonymous_6)
FN:61,(anonymous_7)
FN:70,(anonymous_8)
FN:79,(anonymous_9)
FN:84,(anonymous_10)
FN:89,(anonymous_11)
FN:94,(anonymous_12)
FN:97,(anonymous_13)
FN:107,(anonymous_14)
FN:128,(anonymous_15)
FNF:16
FNH:0
FNDA:0,(anonymous_0)
FNDA:0,(anonymous_1)
FNDA:0,(anonymous_2)
FNDA:0,(anonymous_3)
FNDA:0,(anonymous_4)
FNDA:0,(anonymous_5)
FNDA:0,(anonymous_6)
FNDA:0,(anonymous_7)
FNDA:0,(anonymous_8)
FNDA:0,(anonymous_9)
FNDA:0,(anonymous_10)
FNDA:0,(anonymous_11)
FNDA:0,(anonymous_12)
FNDA:0,(anonymous_13)
FNDA:0,(anonymous_14)
FNDA:0,(anonymous_15)
DA:1,0
DA:2,0
DA:3,0
DA:4,0
DA:5,0
DA:12,0
DA:15,0
DA:16,0
DA:17,0
DA:20,0
DA:21,0
DA:26,0
DA:31,0
DA:36,0
DA:45,0
DA:53,0
DA:62,0
DA:71,0
DA:80,0
DA:85,0
DA:90,0
DA:95,0
DA:97,0
DA:98,0
DA:99,0
DA:100,0
DA:104,0
DA:108,0
DA:110,0
DA:111,0
DA:113,0
DA:115,0
DA:116,0
DA:118,0
DA:119,0
DA:121,0
DA:122,0
DA:124,0
DA:128,0
LF:39
LH:0
BRDA:19,0,0,0
BRDA:35,1,0,0
BRDA:35,2,0,0
BRDA:44,3,0,0
BRDA:44,4,0,0
BRDA:52,5,0,0
BRDA:61,6,0,0
BRDA:70,7,0,0
BRDA:99,8,0,0
BRDA:99,9,0,0
BRDA:99,9,1,0
BRDA:99,9,2,0
BRDA:110,10,0,0
BRDA:110,10,1,0
BRDA:113,11,0,0
BRDA:113,11,1,0
BRDA:113,11,2,0
BRDA:113,11,3,0
BRDA:115,12,0,0
BRDA:115,12,1,0
BRDA:124,13,0,0
BRDA:124,13,1,0
BRF:22
BRH:0
end_of_record
TN:
SF:src\app\core\infrastructure\repositories\mock\mock-meta-venta.repository.ts
FN:18,(anonymous_0)
FN:57,(anonymous_1)
FN:61,(anonymous_2)
FN:62,(anonymous_3)
FN:66,(anonymous_4)
FN:68,(anonymous_5)
FN:75,(anonymous_6)
FN:89,(anonymous_7)
FN:90,(anonymous_8)
FN:93,(anonymous_9)
FN:105,(anonymous_10)
FN:106,(anonymous_11)
FN:116,(anonymous_12)
FN:117,(anonymous_13)
FN:121,(anonymous_14)
FN:122,(anonymous_15)
FN:126,(anonymous_16)
FN:127,(anonymous_17)
FN:131,(anonymous_18)
FN:134,(anonymous_19)
FNF:20
FNH:0
FNDA:0,(anonymous_0)
FNDA:0,(anonymous_1)
FNDA:0,(anonymous_2)
FNDA:0,(anonymous_3)
FNDA:0,(anonymous_4)
FNDA:0,(anonymous_5)
FNDA:0,(anonymous_6)
FNDA:0,(anonymous_7)
FNDA:0,(anonymous_8)
FNDA:0,(anonymous_9)
FNDA:0,(anonymous_10)
FNDA:0,(anonymous_11)
FNDA:0,(anonymous_12)
FNDA:0,(anonymous_13)
FNDA:0,(anonymous_14)
FNDA:0,(anonymous_15)
FNDA:0,(anonymous_16)
FNDA:0,(anonymous_17)
FNDA:0,(anonymous_18)
FNDA:0,(anonymous_19)
DA:1,0
DA:2,0
DA:3,0
DA:4,0
DA:5,0
DA:18,0
DA:19,0
DA:55,0
DA:58,0
DA:62,0
DA:63,0
DA:68,0
DA:69,0
DA:74,0
DA:75,0
DA:78,0
DA:85,0
DA:86,0
DA:90,0
DA:92,0
DA:93,0
DA:96,0
DA:101,0
DA:102,0
DA:106,0
DA:108,0
DA:109,0
DA:112,0
DA:113,0
DA:117,0
DA:118,0
DA:122,0
DA:123,0
DA:127,0
DA:128,0
DA:132,0
DA:135,0
DA:136,0
DA:139,0
DA:141,0
LF:40
LH:0
BRDA:63,0,0,0
BRDA:63,0,1,0
BRDA:69,1,0,0
BRDA:69,1,1,0
BRDA:69,1,2,0
BRDA:74,2,0,0
BRDA:81,3,0,0
BRDA:81,3,1,0
BRDA:92,4,0,0
BRDA:108,5,0,0
BRDA:135,6,0,0
BRF:11
BRH:0
end_of_record
TN:
SF:src\app\core\infrastructure\repositories\mock\mock-proveedor.repository.ts
FN:12,(anonymous_0)
FN:40,(anonymous_1)
FN:44,(anonymous_2)
FN:45,(anonymous_3)
FN:49,(anonymous_4)
FN:51,(anonymous_5)
FN:60,(anonymous_6)
FN:72,(anonymous_7)
FN:73,(anonymous_8)
FN:76,(anonymous_9)
FN:89,(anonymous_10)
FN:90,(anonymous_11)
FN:100,(anonymous_12)
FN:101,(anonymous_13)
FNF:14
FNH:0
FNDA:0,(anonymous_0)
FNDA:0,(anonymous_1)
FNDA:0,(anonymous_2)
FNDA:0,(anonymous_3)
FNDA:0,(anonymous_4)
FNDA:0,(anonymous_5)
FNDA:0,(anonymous_6)
FNDA:0,(anonymous_7)
FNDA:0,(anonymous_8)
FNDA:0,(anonymous_9)
FNDA:0,(anonymous_10)
FNDA:0,(anonymous_11)
FNDA:0,(anonymous_12)
FNDA:0,(anonymous_13)
DA:1,0
DA:2,0
DA:3,0
DA:4,0
DA:12,0
DA:13,0
DA:38,0
DA:41,0
DA:45,0
DA:46,0
DA:50,0
DA:51,0
DA:52,0
DA:57,0
DA:61,0
DA:68,0
DA:69,0
DA:73,0
DA:75,0
DA:76,0
DA:79,0
DA:85,0
DA:86,0
DA:90,0
DA:92,0
DA:93,0
DA:96,0
DA:97,0
DA:101,0
DA:102,0
LF:30
LH:0
BRDA:46,0,0,0
BRDA:46,0,1,0
BRDA:52,1,0,0
BRDA:52,1,1,0
BRDA:52,1,2,0
BRDA:52,1,3,0
BRDA:75,2,0,0
BRDA:92,3,0,0
BRF:8
BRH:0
end_of_record
TN:
SF:src\app\core\infrastructure\repositories\mock\mock-ruta-entrega.repository.ts
FN:16,(anonymous_0)
FN:53,(anonymous_1)
FN:57,(anonymous_2)
FN:58,(anonymous_3)
FN:62,(anonymous_4)
FN:67,(anonymous_5)
FN:78,(anonymous_6)
FN:79,(anonymous_7)
FN:82,(anonymous_8)
FN:94,(anonymous_9)
FN:95,(anonymous_10)
FN:99,(anonymous_11)
FN:100,(anonymous_12)
FNF:13
FNH:0
FNDA:0,(anonymous_0)
FNDA:0,(anonymous_1)
FNDA:0,(anonymous_2)
FNDA:0,(anonymous_3)
FNDA:0,(anonymous_4)
FNDA:0,(anonymous_5)
FNDA:0,(anonymous_6)
FNDA:0,(anonymous_7)
FNDA:0,(anonymous_8)
FNDA:0,(anonymous_9)
FNDA:0,(anonymous_10)
FNDA:0,(anonymous_11)
FNDA:0,(anonymous_12)
DA:1,0
DA:2,0
DA:3,0
DA:4,0
DA:16,0
DA:17,0
DA:51,0
DA:54,0
DA:58,0
DA:59,0
DA:63,0
DA:67,0
DA:74,0
DA:75,0
DA:79,0
DA:81,0
DA:82,0
DA:85,0
DA:90,0
DA:91,0
DA:95,0
DA:96,0
DA:100,0
DA:101,0
DA:103,0
LF:25
LH:0
BRDA:59,0,0,0
BRDA:59,0,1,0
BRDA:81,1,0,0
BRF:3
BRH:0
end_of_record
TN:
SF:src\app\core\infrastructure\repositories\mock\mock-vendedor.repository.ts
FN:14,(anonymous_0)
FN:42,(anonymous_1)
FN:46,(anonymous_2)
FN:47,(anonymous_3)
FN:51,(anonymous_4)
FN:53,(anonymous_5)
FN:62,(anonymous_6)
FN:75,(anonymous_7)
FN:76,(anonymous_8)
FN:79,(anonymous_9)
FN:92,(anonymous_10)
FN:93,(anonymous_11)
FN:103,(anonymous_12)
FN:104,(anonymous_13)
FNF:14
FNH:0
FNDA:0,(anonymous_0)
FNDA:0,(anonymous_1)
FNDA:0,(anonymous_2)
FNDA:0,(anonymous_3)
FNDA:0,(anonymous_4)
FNDA:0,(anonymous_5)
FNDA:0,(anonymous_6)
FNDA:0,(anonymous_7)
FNDA:0,(anonymous_8)
FNDA:0,(anonymous_9)
FNDA:0,(anonymous_10)
FNDA:0,(anonymous_11)
FNDA:0,(anonymous_12)
FNDA:0,(anonymous_13)
DA:1,0
DA:2,0
DA:3,0
DA:14,0
DA:15,0
DA:40,0
DA:43,0
DA:47,0
DA:48,0
DA:52,0
DA:53,0
DA:54,0
DA:59,0
DA:63,0
DA:71,0
DA:72,0
DA:76,0
DA:78,0
DA:79,0
DA:82,0
DA:88,0
DA:89,0
DA:93,0
DA:95,0
DA:96,0
DA:99,0
DA:100,0
DA:104,0
DA:105,0
LF:29
LH:0
BRDA:48,0,0,0
BRDA:48,0,1,0
BRDA:54,1,0,0
BRDA:54,1,1,0
BRDA:54,1,2,0
BRDA:54,1,3,0
BRDA:66,2,0,0
BRDA:66,2,1,0
BRDA:78,3,0,0
BRDA:95,4,0,0
BRF:10
BRH:0
end_of_record
TN:
SF:src\app\presentation\layout\menu-principal\menu-principal.component.ts
FN:12,(anonymous_0)
FN:20,(anonymous_1)
FN:23,(anonymous_2)
FN:24,(anonymous_3)
FN:28,(anonymous_4)
FN:32,(anonymous_5)
FNF:6
FNH:0
FNDA:0,(anonymous_0)
FNDA:0,(anonymous_1)
FNDA:0,(anonymous_2)
FNDA:0,(anonymous_3)
FNDA:0,(anonymous_4)
FNDA:0,(anonymous_5)
DA:1,0
DA:2,0
DA:3,0
DA:12,0
DA:13,0
DA:15,0
DA:16,0
DA:17,0
DA:18,0
DA:21,0
DA:22,0
DA:23,0
DA:24,0
DA:29,0
DA:33,0
DA:34,0
DA:35,0
DA:36,0
DA:37,0
DA:38,0
LF:20
LH:0
BRDA:33,0,0,0
BRDA:33,0,1,0
BRDA:35,1,0,0
BRDA:35,1,1,0
BRDA:37,2,0,0
BRF:5
BRH:0
end_of_record
TN:
SF:src\app\presentation\pages\dashboard-admin\dashboard-admin.component.ts
FN:13,(anonymous_0)
FN:17,(anonymous_1)
FN:111,(anonymous_2)
FN:115,(anonymous_3)
FNF:4
FNH:0
FNDA:0,(anonymous_0)
FNDA:0,(anonymous_1)
FNDA:0,(anonymous_2)
FNDA:0,(anonymous_3)
DA:1,0
DA:2,0
DA:3,0
DA:13,0
DA:14,0
DA:15,0
DA:18,0
DA:20,0
DA:21,0
DA:27,0
DA:112,0
DA:116,0
DA:117,0
DA:118,0
LF:14
LH:0
BRDA:117,0,0,0
BRDA:117,1,0,0
BRDA:117,1,1,0
BRF:3
BRH:0
end_of_record
TN:
SF:src\app\presentation\pages\logistica\ruta-entrega.service.ts
FN:6,(anonymous_0)
FN:41,(anonymous_1)
FN:45,(anonymous_2)
FN:46,(anonymous_3)
FNF:4
FNH:0
FNDA:0,(anonymous_0)
FNDA:0,(anonymous_1)
FNDA:0,(anonymous_2)
FNDA:0,(anonymous_3)
DA:1,0
DA:2,0
DA:6,0
DA:7,0
DA:42,0
DA:46,0
DA:47,0
LF:7
LH:0
BRDA:46,0,0,0
BRDA:46,0,1,0
BRF:2
BRH:0
end_of_record
TN:
SF:src\app\presentation\pages\logistica\ruta-entrega-list\ruta-entrega-list.component.ts
FN:53,(anonymous_0)
FN:54,(anonymous_1)
FN:60,(anonymous_2)
FN:63,(anonymous_3)
FN:72,(anonymous_4)
FN:78,(anonymous_5)
FN:81,(anonymous_6)
FN:87,(anonymous_7)
FN:95,(anonymous_8)
FN:100,(anonymous_9)
FNF:10
FNH:0
FNDA:0,(anonymous_0)
FNDA:0,(anonymous_1)
FNDA:0,(anonymous_2)
FNDA:0,(anonymous_3)
FNDA:0,(anonymous_4)
FNDA:0,(anonymous_5)
FNDA:0,(anonymous_6)
FNDA:0,(anonymous_7)
FNDA:0,(anonymous_8)
FNDA:0,(anonymous_9)
DA:1,0
DA:2,0
DA:3,0
DA:4,0
DA:5,0
DA:6,0
DA:7,0
DA:8,0
DA:9,0
DA:10,0
DA:11,0
DA:12,0
DA:13,0
DA:14,0
DA:15,0
DA:39,0
DA:40,0
DA:42,0
DA:43,0
DA:44,0
DA:45,0
DA:46,0
DA:47,0
DA:48,0
DA:54,0
DA:55,0
DA:56,0
DA:61,0
DA:62,0
DA:63,0
DA:64,0
DA:66,0
DA:72,0
DA:74,0
DA:79,0
DA:80,0
DA:81,0
DA:83,0
DA:84,0
DA:88,0
DA:89,0
DA:90,0
DA:91,0
DA:96,0
DA:97,0
DA:101,0
DA:102,0
LF:47
LH:0
BRDA:80,0,0,0
BRDA:90,1,0,0
BRF:2
BRH:0
end_of_record
TN:
SF:src\app\presentation\pages\metas\meta.service.ts
FN:6,(anonymous_0)
FN:43,(anonymous_1)
FN:47,(anonymous_2)
FN:49,(anonymous_3)
FN:55,(anonymous_4)
FN:56,(anonymous_5)
FN:64,(anonymous_6)
FN:65,(anonymous_7)
FN:74,(anonymous_8)
FNF:9
FNH:0
FNDA:0,(anonymous_0)
FNDA:0,(anonymous_1)
FNDA:0,(anonymous_2)
FNDA:0,(anonymous_3)
FNDA:0,(anonymous_4)
FNDA:0,(anonymous_5)
FNDA:0,(anonymous_6)
FNDA:0,(anonymous_7)
FNDA:0,(anonymous_8)
DA:1,0
DA:3,0
DA:6,0
DA:7,0
DA:44,0
DA:49,0
DA:50,0
DA:51,0
DA:52,0
DA:56,0
DA:57,0
DA:58,0
DA:59,0
DA:61,0
DA:65,0
DA:66,0
DA:67,0
DA:68,0
DA:70,0
DA:75,0
LF:20
LH:0
BRDA:49,0,0,0
BRDA:49,0,1,0
BRDA:49,0,2,0
BRDA:50,1,0,0
BRDA:57,2,0,0
BRDA:66,3,0,0
BRF:6
BRH:0
end_of_record
TN:
SF:src\app\presentation\pages\metas\meta-list\meta-list.component.ts
FN:34,(anonymous_0)
FN:51,(anonymous_1)
FN:55,(anonymous_2)
FN:56,(anonymous_3)
FN:62,(anonymous_4)
FN:64,(anonymous_5)
FN:72,(anonymous_6)
FN:88,(anonymous_7)
FN:94,(anonymous_8)
FN:101,(anonymous_9)
FN:110,(anonymous_10)
FN:123,(anonymous_11)
FN:125,(anonymous_12)
FN:136,(anonymous_13)
FN:141,(anonymous_14)
FN:146,(anonymous_15)
FNF:16
FNH:0
FNDA:0,(anonymous_0)
FNDA:0,(anonymous_1)
FNDA:0,(anonymous_2)
FNDA:0,(anonymous_3)
FNDA:0,(anonymous_4)
FNDA:0,(anonymous_5)
FNDA:0,(anonymous_6)
FNDA:0,(anonymous_7)
FNDA:0,(anonymous_8)
FNDA:0,(anonymous_9)
FNDA:0,(anonymous_10)
FNDA:0,(anonymous_11)
FNDA:0,(anonymous_12)
FNDA:0,(anonymous_13)
FNDA:0,(anonymous_14)
FNDA:0,(anonymous_15)
DA:1,0
DA:2,0
DA:3,0
DA:4,0
DA:5,0
DA:6,0
DA:7,0
DA:8,0
DA:9,0
DA:10,0
DA:11,0
DA:12,0
DA:14,0
DA:34,0
DA:35,0
DA:36,0
DA:38,0
DA:39,0
DA:40,0
DA:41,0
DA:42,0
DA:43,0
DA:44,0
DA:45,0
DA:47,0
DA:48,0
DA:49,0
DA:52,0
DA:56,0
DA:57,0
DA:58,0
DA:63,0
DA:64,0
DA:65,0
DA:73,0
DA:74,0
DA:85,0
DA:89,0
DA:90,0
DA:91,0
DA:95,0
DA:96,0
DA:97,0
DA:98,0
DA:100,0
DA:101,0
DA:102,0
DA:103,0
DA:104,0
DA:106,0
DA:110,0
DA:111,0
DA:112,0
DA:113,0
DA:115,0
DA:119,0
DA:120,0
DA:124,0
DA:125,0
DA:126,0
DA:127,0
DA:128,0
DA:130,0
DA:137,0
DA:138,0
DA:142,0
DA:143,0
DA:147,0
DA:148,0
LF:69
LH:0
BRDA:65,0,0,0
BRDA:65,0,1,0
BRDA:65,0,2,0
BRDA:65,0,3,0
BRDA:95,1,0,0
BRDA:96,2,0,0
BRDA:96,3,0,0
BRDA:96,3,1,0
BRDA:96,3,2,0
BRDA:100,4,0,0
BRDA:100,4,1,0
BRDA:102,5,0,0
BRDA:102,5,1,0
BRDA:111,6,0,0
BRDA:111,6,1,0
BRDA:124,7,0,0
BRDA:126,8,0,0
BRDA:126,8,1,0
BRF:18
BRH:0
end_of_record
TN:
SF:src\app\presentation\pages\metas\meta-vendedor\meta-vendedor.component.ts
FN:17,(anonymous_0)
FNF:1
FNH:0
FNDA:0,(anonymous_0)
DA:1,0
DA:3,0
DA:4,0
DA:17,0
DA:18,0
LF:5
LH:0
BRF:0
BRH:0
end_of_record
TN:
SF:src\app\presentation\pages\productos\producto-create\producto-create.component.ts
FN:75,(anonymous_0)
FN:94,(anonymous_1)
FN:101,(anonymous_2)
FN:106,(anonymous_3)
FN:117,(anonymous_4)
FN:121,(anonymous_5)
FN:122,(anonymous_6)
FN:128,(anonymous_7)
FNF:8
FNH:8
FNDA:20,(anonymous_0)
FNDA:6,(anonymous_1)
FNDA:2,(anonymous_2)
FNDA:1,(anonymous_3)
FNDA:1,(anonymous_4)
FNDA:3,(anonymous_5)
FNDA:42,(anonymous_6)
FNDA:254,(anonymous_7)
DA:1,1
DA:2,1
DA:3,1
DA:4,1
DA:5,1
DA:6,1
DA:7,1
DA:8,1
DA:9,1
DA:10,1
DA:11,1
DA:12,1
DA:14,1
DA:16,1
DA:36,1
DA:37,20
DA:38,20
DA:39,20
DA:40,20
DA:42,20
DA:45,20
DA:55,20
DA:69,20
DA:76,20
DA:95,6
DA:96,3
DA:98,3
DA:100,3
DA:102,2
DA:103,2
DA:104,2
DA:107,1
DA:108,1
DA:112,3
DA:113,3
DA:118,1
DA:122,3
DA:123,42
DA:124,42
DA:129,254
DA:130,254
DA:131,8
DA:132,4
DA:134,4
DA:135,2
DA:137,2
DA:138,2
DA:141,246
LF:48
LH:48
BRDA:95,0,0,3
BRDA:95,0,1,3
BRDA:130,1,0,8
BRDA:130,2,0,254
BRDA:130,2,1,209
BRDA:131,3,0,4
BRDA:134,4,0,2
BRDA:137,5,0,2
BRF:8
BRH:8
end_of_record
TN:
SF:src\app\presentation\pages\productos\producto-detail\producto-detail.component.ts
FN:408,(anonymous_0)
FN:418,(anonymous_1)
FN:427,(anonymous_2)
FN:433,(anonymous_3)
FN:437,(anonymous_4)
FN:445,(anonymous_5)
FN:456,(anonymous_6)
FN:469,(anonymous_7)
FN:473,(anonymous_8)
FNF:9
FNH:9
FNDA:22,(anonymous_0)
FNDA:20,(anonymous_1)
FNDA:21,(anonymous_2)
FNDA:20,(anonymous_3)
FNDA:1,(anonymous_4)
FNDA:87,(anonymous_5)
FNDA:86,(anonymous_6)
FNDA:1,(anonymous_7)
FNDA:2,(anonymous_8)
DA:1,1
DA:2,1
DA:3,1
DA:4,1
DA:5,1
DA:6,1
DA:7,1
DA:8,1
DA:9,1
DA:10,1
DA:11,1
DA:14,1
DA:15,1
DA:408,1
DA:409,22
DA:410,22
DA:411,22
DA:412,22
DA:414,22
DA:415,22
DA:416,22
DA:419,20
DA:420,20
DA:421,19
DA:423,1
DA:428,21
DA:429,21
DA:431,21
DA:434,20
DA:435,20
DA:438,1
DA:439,1
DA:440,1
DA:446,87
DA:447,87
DA:449,86
DA:450,86
DA:451,85
DA:453,1
DA:457,86
DA:459,85
DA:460,85
DA:470,1
DA:474,2
DA:475,2
DA:476,1
LF:46
LH:46
BRDA:420,0,0,19
BRDA:420,0,1,1
BRDA:447,1,0,1
BRDA:450,2,0,85
BRDA:450,3,0,86
BRDA:450,3,1,85
BRDA:457,4,0,1
BRDA:475,5,0,1
BRF:8
BRH:8
end_of_record
TN:
SF:src\app\presentation\pages\productos\producto-edit\producto-edit.component.ts
FN:82,(anonymous_0)
FN:103,(anonymous_1)
FN:113,(anonymous_2)
FN:118,(anonymous_3)
FN:123,(anonymous_4)
FN:131,(anonymous_5)
FN:152,(anonymous_6)
FN:159,(anonymous_7)
FN:164,(anonymous_8)
FN:175,(anonymous_9)
FN:182,(anonymous_10)
FN:194,(anonymous_11)
FN:198,(anonymous_12)
FN:199,(anonymous_13)
FN:205,(anonymous_14)
FNF:15
FNH:15
FNDA:33,(anonymous_0)
FNDA:3,(anonymous_1)
FNDA:5,(anonymous_2)
FNDA:3,(anonymous_3)
FNDA:1,(anonymous_4)
FNDA:14,(anonymous_5)
FNDA:7,(anonymous_6)
FNDA:2,(anonymous_7)
FNDA:1,(anonymous_8)
FNDA:7,(anonymous_9)
FNDA:96,(anonymous_10)
FNDA:1,(anonymous_11)
FNDA:4,(anonymous_12)
FNDA:64,(anonymous_13)
FNDA:14,(anonymous_14)
DA:1,1
DA:2,1
DA:3,1
DA:4,1
DA:5,1
DA:6,1
DA:7,1
DA:8,1
DA:9,1
DA:10,1
DA:11,1
DA:12,1
DA:14,1
DA:15,1
DA:18,1
DA:38,1
DA:39,33
DA:40,33
DA:41,33
DA:42,33
DA:43,33
DA:44,33
DA:46,33
DA:47,33
DA:49,33
DA:50,33
DA:52,33
DA:62,33
DA:76,33
DA:83,33
DA:104,3
DA:105,3
DA:106,1
DA:108,2
DA:109,2
DA:114,5
DA:116,4
DA:117,4
DA:119,3
DA:120,3
DA:121,3
DA:124,1
DA:125,1
DA:126,1
DA:132,14
DA:153,7
DA:154,3
DA:156,3
DA:158,3
DA:160,2
DA:161,2
DA:162,2
DA:165,1
DA:166,1
DA:170,4
DA:171,4
DA:176,7
DA:177,7
DA:179,7
DA:182,6
DA:183,96
DA:184,96
DA:186,96
DA:187,7
DA:191,6
DA:195,1
DA:199,4
DA:200,64
DA:201,64
DA:206,14
DA:207,14
DA:208,8
DA:209,4
DA:211,4
DA:212,2
DA:214,2
DA:215,2
DA:218,6
LF:78
LH:78
BRDA:105,0,0,1
BRDA:105,0,1,2
BRDA:114,1,0,1
BRDA:153,2,0,3
BRDA:153,2,1,4
BRDA:153,3,0,7
BRDA:153,3,1,4
BRDA:179,4,0,1
BRDA:186,5,0,7
BRDA:207,6,0,8
BRDA:207,7,0,14
BRDA:207,7,1,9
BRDA:208,8,0,4
BRDA:211,9,0,2
BRDA:214,10,0,2
BRF:15
BRH:15
end_of_record
TN:
SF:src\app\presentation\pages\productos\producto-list\producto-list.component.ts
FN:51,(anonymous_0)
FN:86,(anonymous_1)
FN:98,(anonymous_2)
FN:109,(anonymous_3)
FN:114,(anonymous_4)
FN:119,(anonymous_5)
FN:125,(anonymous_6)
FN:130,(anonymous_7)
FN:141,(anonymous_8)
FN:147,(anonymous_9)
FN:155,(anonymous_10)
FN:159,(anonymous_11)
FN:167,(anonymous_12)
FN:176,(anonymous_13)
FN:180,(anonymous_14)
FN:184,(anonymous_15)
FN:192,(anonymous_16)
FN:196,(anonymous_17)
FN:200,(anonymous_18)
FN:204,(anonymous_19)
FN:212,(anonymous_20)
FN:217,(anonymous_21)
FNF:22
FNH:22
FNDA:31,(anonymous_0)
FNDA:30,(anonymous_1)
FNDA:210,(anonymous_2)
FNDA:16,(anonymous_3)
FNDA:16,(anonymous_4)
FNDA:16,(anonymous_5)
FNDA:1,(anonymous_6)
FNDA:27,(anonymous_7)
FNDA:26,(anonymous_8)
FNDA:1,(anonymous_9)
FNDA:2,(anonymous_10)
FNDA:1,(anonymous_11)
FNDA:2,(anonymous_12)
FNDA:32,(anonymous_13)
FNDA:32,(anonymous_14)
FNDA:63,(anonymous_15)
FNDA:1,(anonymous_16)
FNDA:1,(anonymous_17)
FNDA:1,(anonymous_18)
FNDA:5,(anonymous_19)
FNDA:3,(anonymous_20)
FNDA:1,(anonymous_21)
DA:1,1
DA:2,1
DA:3,1
DA:4,1
DA:5,1
DA:6,1
DA:7,1
DA:8,1
DA:9,1
DA:10,1
DA:11,1
DA:12,1
DA:13,1
DA:14,1
DA:15,1
DA:16,1
DA:17,1
DA:18,1
DA:21,1
DA:22,1
DA:23,1
DA:24,1
DA:25,1
DA:51,1
DA:52,31
DA:53,31
DA:54,31
DA:55,31
DA:56,31
DA:57,31
DA:59,31
DA:60,31
DA:61,31
DA:62,31
DA:64,31
DA:65,31
DA:73,31
DA:80,31
DA:81,31
DA:86,31
DA:87,30
DA:88,30
DA:98,30
DA:99,210
DA:102,117
DA:106,30
DA:110,16
DA:111,16
DA:115,16
DA:116,16
DA:120,16
DA:126,1
DA:131,27
DA:132,27
DA:134,27
DA:139,27
DA:142,26
DA:143,26
DA:144,26
DA:145,26
DA:148,1
DA:149,1
DA:150,1
DA:156,2
DA:160,1
DA:161,1
DA:163,1
DA:164,1
DA:168,2
DA:169,2
DA:173,2
DA:177,32
DA:181,32
DA:185,63
DA:186,63
DA:187,61
DA:189,2
DA:193,1
DA:197,1
DA:201,1
DA:205,5
DA:207,5
DA:208,4
DA:210,4
DA:213,3
DA:214,3
DA:215,3
DA:218,1
DA:219,1
LF:89
LH:89
BRDA:89,0,0,30
BRDA:89,0,1,29
BRDA:90,1,0,30
BRDA:90,1,1,29
BRDA:91,2,0,30
BRDA:91,2,1,30
BRDA:92,3,0,30
BRDA:92,3,1,29
BRDA:93,4,0,30
BRDA:93,4,1,0
BRDA:94,5,0,30
BRDA:94,5,1,21
BRDA:95,6,0,30
BRDA:95,6,1,1
BRDA:99,7,0,117
BRDA:99,8,0,210
BRDA:99,8,1,210
BRDA:99,8,2,210
BRDA:130,9,0,2
BRDA:177,10,0,1
BRDA:177,10,1,31
BRDA:181,11,0,1
BRDA:181,11,1,31
BRDA:186,12,0,61
BRDA:186,13,0,63
BRDA:186,13,1,62
BRDA:207,14,0,4
BRDA:215,15,0,3
BRDA:215,15,1,1
BRF:29
BRH:28
end_of_record
TN:
SF:src\app\presentation\pages\productos\producto-list-clean\producto-list-clean.component.ts
FN:47,(anonymous_0)
FN:79,(anonymous_1)
FN:91,(anonymous_2)
FN:102,(anonymous_3)
FN:107,(anonymous_4)
FN:112,(anonymous_5)
FN:118,(anonymous_6)
FN:123,(anonymous_7)
FN:134,(anonymous_8)
FN:140,(anonymous_9)
FN:149,(anonymous_10)
FN:153,(anonymous_11)
FN:161,(anonymous_12)
FN:170,(anonymous_13)
FN:174,(anonymous_14)
FN:178,(anonymous_15)
FN:186,(anonymous_16)
FNF:17
FNH:17
FNDA:35,(anonymous_0)
FNDA:21,(anonymous_1)
FNDA:147,(anonymous_2)
FNDA:3,(anonymous_3)
FNDA:2,(anonymous_4)
FNDA:4,(anonymous_5)
FNDA:3,(anonymous_6)
FNDA:20,(anonymous_7)
FNDA:17,(anonymous_8)
FNDA:3,(anonymous_9)
FNDA:2,(anonymous_10)
FNDA:3,(anonymous_11)
FNDA:1,(anonymous_12)
FNDA:2,(anonymous_13)
FNDA:2,(anonymous_14)
FNDA:3,(anonymous_15)
FNDA:1,(anonymous_16)
DA:1,1
DA:2,1
DA:3,1
DA:4,1
DA:5,1
DA:6,1
DA:7,1
DA:8,1
DA:9,1
DA:10,1
DA:11,1
DA:12,1
DA:13,1
DA:14,1
DA:15,1
DA:16,1
DA:17,1
DA:20,1
DA:21,1
DA:22,1
DA:47,1
DA:48,35
DA:49,35
DA:50,35
DA:52,35
DA:53,35
DA:54,35
DA:55,35
DA:57,35
DA:58,35
DA:66,35
DA:73,35
DA:74,35
DA:79,35
DA:80,21
DA:81,21
DA:91,21
DA:92,147
DA:95,73
DA:99,21
DA:103,3
DA:104,3
DA:108,2
DA:109,2
DA:113,4
DA:119,3
DA:124,20
DA:125,20
DA:127,20
DA:132,20
DA:135,17
DA:136,17
DA:137,17
DA:138,17
DA:141,3
DA:142,3
DA:143,3
DA:144,3
DA:150,2
DA:154,3
DA:155,3
DA:157,3
DA:158,3
DA:162,1
DA:163,1
DA:167,1
DA:171,2
DA:175,2
DA:179,3
DA:180,3
DA:181,1
DA:183,2
DA:187,1
LF:73
LH:73
BRDA:82,0,0,21
BRDA:82,0,1,15
BRDA:83,1,0,21
BRDA:83,1,1,18
BRDA:84,2,0,21
BRDA:84,2,1,21
BRDA:85,3,0,21
BRDA:85,3,1,19
BRDA:86,4,0,21
BRDA:86,4,1,0
BRDA:87,5,0,21
BRDA:87,5,1,19
BRDA:88,6,0,21
BRDA:88,6,1,0
BRDA:92,7,0,73
BRDA:92,8,0,147
BRDA:92,8,1,147
BRDA:92,8,2,147
BRDA:123,9,0,7
BRDA:171,10,0,1
BRDA:171,10,1,1
BRDA:175,11,0,1
BRDA:175,11,1,1
BRDA:180,12,0,1
BRDA:180,13,0,3
BRDA:180,13,1,2
BRF:26
BRH:24
end_of_record
TN:
SF:src\app\presentation\pages\productos\producto-localizacion\producto-localizacion.component.ts
FN:47,(anonymous_0)
FN:81,(anonymous_1)
FN:82,(anonymous_2)
FN:85,(anonymous_3)
FN:87,(anonymous_4)
FN:88,(anonymous_5)
FN:91,(anonymous_6)
FN:93,(anonymous_7)
FN:99,(anonymous_8)
FN:105,(anonymous_9)
FN:112,(anonymous_10)
FN:126,(anonymous_11)
FN:139,(anonymous_12)
FN:150,(anonymous_13)
FN:154,(anonymous_14)
FN:158,(anonymous_15)
FN:162,(anonymous_16)
FN:167,(anonymous_17)
FN:171,(anonymous_18)
FN:175,(anonymous_19)
FN:181,(anonymous_20)
FN:187,(anonymous_21)
FN:194,(anonymous_22)
FN:198,(anonymous_23)
FN:205,(anonymous_24)
FN:212,(anonymous_25)
FN:217,(anonymous_26)
FNF:27
FNH:0
FNDA:0,(anonymous_0)
FNDA:0,(anonymous_1)
FNDA:0,(anonymous_2)
FNDA:0,(anonymous_3)
FNDA:0,(anonymous_4)
FNDA:0,(anonymous_5)
FNDA:0,(anonymous_6)
FNDA:0,(anonymous_7)
FNDA:0,(anonymous_8)
FNDA:0,(anonymous_9)
FNDA:0,(anonymous_10)
FNDA:0,(anonymous_11)
FNDA:0,(anonymous_12)
FNDA:0,(anonymous_13)
FNDA:0,(anonymous_14)
FNDA:0,(anonymous_15)
FNDA:0,(anonymous_16)
FNDA:0,(anonymous_17)
FNDA:0,(anonymous_18)
FNDA:0,(anonymous_19)
FNDA:0,(anonymous_20)
FNDA:0,(anonymous_21)
FNDA:0,(anonymous_22)
FNDA:0,(anonymous_23)
FNDA:0,(anonymous_24)
FNDA:0,(anonymous_25)
FNDA:0,(anonymous_26)
DA:1,0
DA:2,0
DA:3,0
DA:4,0
DA:5,0
DA:6,0
DA:7,0
DA:8,0
DA:9,0
DA:10,0
DA:11,0
DA:12,0
DA:13,0
DA:14,0
DA:15,0
DA:16,0
DA:17,0
DA:19,0
DA:21,0
DA:47,0
DA:48,0
DA:49,0
DA:52,0
DA:53,0
DA:54,0
DA:55,0
DA:56,0
DA:59,0
DA:60,0
DA:63,0
DA:64,0
DA:81,0
DA:82,0
DA:85,0
DA:87,0
DA:88,0
DA:91,0
DA:94,0
DA:95,0
DA:96,0
DA:100,0
DA:106,0
DA:107,0
DA:113,0
DA:115,0
DA:116,0
DA:117,0
DA:120,0
DA:121,0
DA:122,0
DA:124,0
DA:127,0
DA:129,0
DA:130,0
DA:131,0
DA:132,0
DA:134,0
DA:135,0
DA:136,0
DA:140,0
DA:141,0
DA:142,0
DA:143,0
DA:144,0
DA:145,0
DA:151,0
DA:155,0
DA:159,0
DA:163,0
DA:164,0
DA:168,0
DA:172,0
DA:176,0
DA:177,0
DA:178,0
DA:182,0
DA:183,0
DA:184,0
DA:188,0
DA:189,0
DA:191,0
DA:195,0
DA:199,0
DA:200,0
DA:201,0
DA:202,0
DA:206,0
DA:207,0
DA:208,0
DA:209,0
DA:213,0
DA:214,0
DA:218,0
DA:219,0
DA:220,0
DA:221,0
DA:222,0
DA:223,0
LF:98
LH:0
BRDA:106,0,0,0
BRDA:106,1,0,0
BRDA:106,1,1,0
BRDA:115,2,0,0
BRDA:115,3,0,0
BRDA:115,3,1,0
BRDA:129,4,0,0
BRDA:129,4,1,0
BRDA:129,5,0,0
BRDA:129,5,1,0
BRDA:168,6,0,0
BRDA:168,6,1,0
BRDA:172,7,0,0
BRDA:172,7,1,0
BRDA:176,8,0,0
BRDA:177,9,0,0
BRDA:182,10,0,0
BRDA:183,11,0,0
BRDA:189,12,0,0
BRDA:207,13,0,0
BRDA:208,14,0,0
BRF:21
BRH:0
end_of_record
TN:
SF:src\app\presentation\pages\productos\producto-localizacion\producto-localizacion.service.ts
FN:6,(anonymous_0)
FN:52,(anonymous_1)
FN:54,(anonymous_2)
FN:64,(anonymous_3)
FNF:4
FNH:0
FNDA:0,(anonymous_0)
FNDA:0,(anonymous_1)
FNDA:0,(anonymous_2)
FNDA:0,(anonymous_3)
DA:1,0
DA:2,0
DA:6,0
DA:7,0
DA:53,0
DA:54,0
DA:55,0
DA:60,0
DA:66,0
LF:9
LH:0
BRDA:55,0,0,0
BRDA:55,0,1,0
BRDA:55,0,2,0
BRDA:55,0,3,0
BRF:4
BRH:0
end_of_record
TN:
SF:src\app\presentation\pages\productos\producto-upload\producto-upload.component.ts
FN:24,(anonymous_0)
FN:34,(anonymous_1)
FN:54,(anonymous_2)
FN:61,(anonymous_3)
FN:70,(anonymous_4)
FN:75,(anonymous_5)
FNF:6
FNH:6
FNDA:25,(anonymous_0)
FNDA:13,(anonymous_1)
FNDA:8,(anonymous_2)
FNDA:5,(anonymous_3)
FNDA:2,(anonymous_4)
FNDA:5,(anonymous_5)
DA:1,1
DA:3,1
DA:4,1
DA:5,1
DA:6,1
DA:7,1
DA:9,1
DA:24,1
DA:25,25
DA:27,25
DA:28,25
DA:29,25
DA:35,13
DA:36,13
DA:37,10
DA:38,10
DA:39,4
DA:40,4
DA:42,6
DA:43,1
DA:44,1
DA:46,5
DA:47,5
DA:55,8
DA:56,3
DA:57,3
DA:59,5
DA:60,5
DA:61,5
DA:62,5
DA:63,5
DA:64,5
DA:65,5
DA:71,2
DA:76,5
DA:77,5
DA:78,2
LF:37
LH:37
BRDA:36,0,0,10
BRDA:36,1,0,13
BRDA:36,1,1,11
BRDA:38,2,0,4
BRDA:42,3,0,1
BRDA:55,4,0,3
BRDA:55,5,0,8
BRDA:55,5,1,6
BRDA:77,6,0,2
BRDA:77,7,0,5
BRDA:77,7,1,4
BRF:11
BRH:11
end_of_record
TN:
SF:src\app\presentation\pages\proveedores\proveedor.service.ts
FN:6,(anonymous_0)
FN:31,(anonymous_1)
FN:34,(anonymous_2)
FN:37,(anonymous_3)
FN:40,(anonymous_4)
FN:43,(anonymous_5)
FN:45,(anonymous_6)
FN:48,(anonymous_7)
FN:61,(anonymous_8)
FN:66,(anonymous_9)
FNF:10
FNH:0
FNDA:0,(anonymous_0)
FNDA:0,(anonymous_1)
FNDA:0,(anonymous_2)
FNDA:0,(anonymous_3)
FNDA:0,(anonymous_4)
FNDA:0,(anonymous_5)
FNDA:0,(anonymous_6)
FNDA:0,(anonymous_7)
FNDA:0,(anonymous_8)
FNDA:0,(anonymous_9)
DA:1,0
DA:3,0
DA:6,0
DA:8,0
DA:28,0
DA:29,0
DA:32,0
DA:35,0
DA:38,0
DA:41,0
DA:44,0
DA:45,0
DA:49,0
DA:50,0
DA:62,0
DA:67,0
LF:16
LH:0
BRDA:41,0,0,0
BRDA:41,0,1,0
BRF:2
BRH:0
end_of_record
TN:
SF:src\app\presentation\pages\proveedores\proveedores.component.ts
FN:13,(anonymous_0)
FN:18,(anonymous_1)
FN:19,(anonymous_2)
FNF:3
FNH:0
FNDA:0,(anonymous_0)
FNDA:0,(anonymous_1)
FNDA:0,(anonymous_2)
DA:1,0
DA:2,0
DA:3,0
DA:13,0
DA:14,0
DA:16,0
DA:19,0
LF:7
LH:0
BRF:0
BRH:0
end_of_record
TN:
SF:src\app\presentation\pages\proveedores\proveedor-list\proveedor-list-clean.component.ts
FN:44,(anonymous_0)
FN:70,(anonymous_1)
FN:74,(anonymous_2)
FN:80,(anonymous_3)
FN:84,(anonymous_4)
FN:89,(anonymous_5)
FN:97,(anonymous_6)
FN:106,(anonymous_7)
FN:110,(anonymous_8)
FN:118,(anonymous_9)
FN:131,(anonymous_10)
FN:137,(anonymous_11)
FN:147,(anonymous_12)
FN:152,(anonymous_13)
FN:159,(anonymous_14)
FN:164,(anonymous_15)
FN:172,(anonymous_16)
FN:182,(anonymous_17)
FN:191,(anonymous_18)
FN:199,(anonymous_19)
FN:204,(anonymous_20)
FN:211,(anonymous_21)
FN:216,(anonymous_22)
FN:217,(anonymous_23)
FNF:24
FNH:0
FNDA:0,(anonymous_0)
FNDA:0,(anonymous_1)
FNDA:0,(anonymous_2)
FNDA:0,(anonymous_3)
FNDA:0,(anonymous_4)
FNDA:0,(anonymous_5)
FNDA:0,(anonymous_6)
FNDA:0,(anonymous_7)
FNDA:0,(anonymous_8)
FNDA:0,(anonymous_9)
FNDA:0,(anonymous_10)
FNDA:0,(anonymous_11)
FNDA:0,(anonymous_12)
FNDA:0,(anonymous_13)
FNDA:0,(anonymous_14)
FNDA:0,(anonymous_15)
FNDA:0,(anonymous_16)
FNDA:0,(anonymous_17)
FNDA:0,(anonymous_18)
FNDA:0,(anonymous_19)
FNDA:0,(anonymous_20)
FNDA:0,(anonymous_21)
FNDA:0,(anonymous_22)
FNDA:0,(anonymous_23)
DA:1,0
DA:2,0
DA:3,0
DA:4,0
DA:5,0
DA:6,0
DA:7,0
DA:8,0
DA:9,0
DA:10,0
DA:11,0
DA:12,0
DA:13,0
DA:15,0
DA:16,0
DA:17,0
DA:18,0
DA:19,0
DA:21,0
DA:22,0
DA:44,0
DA:45,0
DA:46,0
DA:47,0
DA:48,0
DA:49,0
DA:50,0
DA:52,0
DA:54,0
DA:55,0
DA:56,0
DA:57,0
DA:58,0
DA:59,0
DA:60,0
DA:62,0
DA:63,0
DA:65,0
DA:71,0
DA:75,0
DA:76,0
DA:77,0
DA:81,0
DA:83,0
DA:85,0
DA:86,0
DA:87,0
DA:90,0
DA:91,0
DA:92,0
DA:98,0
DA:99,0
DA:100,0
DA:103,0
DA:105,0
DA:107,0
DA:108,0
DA:111,0
DA:112,0
DA:113,0
DA:119,0
DA:127,0
DA:128,0
DA:132,0
DA:133,0
DA:134,0
DA:138,0
DA:140,0
DA:142,0
DA:143,0
DA:148,0
DA:149,0
DA:150,0
DA:153,0
DA:154,0
DA:158,0
DA:160,0
DA:161,0
DA:162,0
DA:165,0
DA:166,0
DA:173,0
DA:175,0
DA:176,0
DA:179,0
DA:181,0
DA:183,0
DA:184,0
DA:185,0
DA:187,0
DA:188,0
DA:192,0
DA:193,0
DA:194,0
DA:200,0
DA:201,0
DA:205,0
DA:206,0
DA:207,0
DA:208,0
DA:212,0
DA:213,0
DA:217,0
DA:218,0
DA:219,0
LF:105
LH:0
BRDA:98,0,0,0
BRDA:98,1,0,0
BRDA:98,1,1,0
BRDA:138,2,0,0
BRDA:142,3,0,0
BRDA:142,3,1,0
BRDA:142,4,0,0
BRDA:142,4,1,0
BRDA:153,5,0,0
BRDA:153,5,1,0
BRDA:165,6,0,0
BRDA:165,6,1,0
BRDA:173,7,0,0
BRDA:175,8,0,0
BRDA:183,9,0,0
BRDA:183,9,1,0
BRDA:220,10,0,0
BRDA:220,10,1,0
BRDA:220,10,2,0
BRDA:220,10,3,0
BRDA:220,10,4,0
BRDA:220,10,5,0
BRDA:220,10,6,0
BRF:23
BRH:0
end_of_record
TN:
SF:src\app\presentation\pages\proveedores\proveedor-list\proveedor-list.component.ts
FN:38,(anonymous_0)
FN:57,(anonymous_1)
FN:58,(anonymous_2)
FN:65,(anonymous_3)
FN:68,(anonymous_4)
FN:81,(anonymous_5)
FN:86,(anonymous_6)
FN:104,(anonymous_7)
FN:112,(anonymous_8)
FN:119,(anonymous_9)
FN:123,(anonymous_10)
FN:142,(anonymous_11)
FN:150,(anonymous_12)
FN:154,(anonymous_13)
FN:159,(anonymous_14)
FN:165,(anonymous_15)
FNF:16
FNH:0
FNDA:0,(anonymous_0)
FNDA:0,(anonymous_1)
FNDA:0,(anonymous_2)
FNDA:0,(anonymous_3)
FNDA:0,(anonymous_4)
FNDA:0,(anonymous_5)
FNDA:0,(anonymous_6)
FNDA:0,(anonymous_7)
FNDA:0,(anonymous_8)
FNDA:0,(anonymous_9)
FNDA:0,(anonymous_10)
FNDA:0,(anonymous_11)
FNDA:0,(anonymous_12)
FNDA:0,(anonymous_13)
FNDA:0,(anonymous_14)
FNDA:0,(anonymous_15)
DA:1,0
DA:2,0
DA:3,0
DA:4,0
DA:5,0
DA:6,0
DA:7,0
DA:8,0
DA:9,0
DA:10,0
DA:11,0
DA:12,0
DA:13,0
DA:14,0
DA:16,0
DA:38,0
DA:39,0
DA:40,0
DA:42,0
DA:43,0
DA:44,0
DA:45,0
DA:46,0
DA:47,0
DA:48,0
DA:49,0
DA:50,0
DA:51,0
DA:52,0
DA:58,0
DA:59,0
DA:60,0
DA:61,0
DA:66,0
DA:67,0
DA:68,0
DA:69,0
DA:70,0
DA:82,0
DA:83,0
DA:84,0
DA:86,0
DA:87,0
DA:95,0
DA:96,0
DA:97,0
DA:99,0
DA:100,0
DA:105,0
DA:106,0
DA:107,0
DA:108,0
DA:109,0
DA:113,0
DA:114,0
DA:115,0
DA:116,0
DA:120,0
DA:121,0
DA:123,0
DA:124,0
DA:125,0
DA:127,0
DA:130,0
DA:131,0
DA:132,0
DA:134,0
DA:135,0
DA:136,0
DA:137,0
DA:138,0
DA:143,0
DA:144,0
DA:145,0
DA:146,0
DA:151,0
DA:152,0
DA:153,0
DA:154,0
DA:155,0
DA:156,0
DA:160,0
DA:161,0
DA:162,0
DA:166,0
DA:167,0
LF:86
LH:0
BRDA:71,0,0,0
BRDA:71,0,1,0
BRDA:71,0,2,0
BRDA:71,0,3,0
BRDA:71,0,4,0
BRDA:71,0,5,0
BRDA:71,0,6,0
BRDA:83,1,0,0
BRDA:83,1,1,0
BRDA:87,2,0,0
BRDA:87,2,1,0
BRDA:87,2,2,0
BRDA:87,2,3,0
BRDA:87,2,4,0
BRDA:87,2,5,0
BRDA:87,2,6,0
BRDA:96,3,0,0
BRDA:99,4,0,0
BRDA:120,5,0,0
BRDA:121,6,0,0
BRDA:121,6,1,0
BRDA:124,7,0,0
BRDA:151,8,0,0
BRF:23
BRH:0
end_of_record
TN:
SF:src\app\presentation\pages\proveedores\proveedor-upload\proveedor-upload.component.ts
FN:25,(anonymous_0)
FN:32,(anonymous_1)
FN:49,(anonymous_2)
FN:56,(anonymous_3)
FN:64,(anonymous_4)
FN:68,(anonymous_5)
FNF:6
FNH:0
FNDA:0,(anonymous_0)
FNDA:0,(anonymous_1)
FNDA:0,(anonymous_2)
FNDA:0,(anonymous_3)
FNDA:0,(anonymous_4)
FNDA:0,(anonymous_5)
DA:1,0
DA:3,0
DA:4,0
DA:5,0
DA:6,0
DA:7,0
DA:10,0
DA:25,0
DA:26,0
DA:28,0
DA:29,0
DA:30,0
DA:33,0
DA:34,0
DA:35,0
DA:36,0
DA:37,0
DA:38,0
DA:40,0
DA:41,0
DA:42,0
DA:44,0
DA:45,0
DA:50,0
DA:51,0
DA:52,0
DA:54,0
DA:55,0
DA:56,0
DA:57,0
DA:58,0
DA:59,0
DA:60,0
DA:65,0
DA:69,0
DA:70,0
DA:71,0
LF:37
LH:0
BRDA:34,0,0,0
BRDA:34,1,0,0
BRDA:34,1,1,0
BRDA:36,2,0,0
BRDA:40,3,0,0
BRDA:50,4,0,0
BRDA:50,5,0,0
BRDA:50,5,1,0
BRDA:70,6,0,0
BRDA:70,7,0,0
BRDA:70,7,1,0
BRF:11
BRH:0
end_of_record
TN:
SF:src\app\presentation\pages\vendedores\vendedor-list.component.ts
FN:37,(anonymous_0)
FN:55,(anonymous_1)
FN:56,(anonymous_2)
FN:62,(anonymous_3)
FN:65,(anonymous_4)
FN:77,(anonymous_5)
FN:86,(anonymous_6)
FN:93,(anonymous_7)
FN:101,(anonymous_8)
FN:105,(anonymous_9)
FN:122,(anonymous_10)
FN:129,(anonymous_11)
FN:133,(anonymous_12)
FN:139,(anonymous_13)
FN:145,(anonymous_14)
FNF:15
FNH:0
FNDA:0,(anonymous_0)
FNDA:0,(anonymous_1)
FNDA:0,(anonymous_2)
FNDA:0,(anonymous_3)
FNDA:0,(anonymous_4)
FNDA:0,(anonymous_5)
FNDA:0,(anonymous_6)
FNDA:0,(anonymous_7)
FNDA:0,(anonymous_8)
FNDA:0,(anonymous_9)
FNDA:0,(anonymous_10)
FNDA:0,(anonymous_11)
FNDA:0,(anonymous_12)
FNDA:0,(anonymous_13)
FNDA:0,(anonymous_14)
DA:1,0
DA:2,0
DA:3,0
DA:4,0
DA:5,0
DA:6,0
DA:7,0
DA:8,0
DA:9,0
DA:10,0
DA:11,0
DA:12,0
DA:13,0
DA:15,0
DA:37,0
DA:38,0
DA:39,0
DA:41,0
DA:42,0
DA:43,0
DA:44,0
DA:45,0
DA:46,0
DA:47,0
DA:48,0
DA:49,0
DA:50,0
DA:56,0
DA:57,0
DA:58,0
DA:63,0
DA:64,0
DA:65,0
DA:66,0
DA:67,0
DA:78,0
DA:79,0
DA:80,0
DA:81,0
DA:82,0
DA:87,0
DA:88,0
DA:89,0
DA:90,0
DA:94,0
DA:95,0
DA:96,0
DA:97,0
DA:98,0
DA:102,0
DA:103,0
DA:104,0
DA:105,0
DA:106,0
DA:107,0
DA:110,0
DA:111,0
DA:113,0
DA:114,0
DA:115,0
DA:116,0
DA:117,0
DA:118,0
DA:123,0
DA:124,0
DA:125,0
DA:126,0
DA:130,0
DA:131,0
DA:132,0
DA:133,0
DA:134,0
DA:135,0
DA:140,0
DA:141,0
DA:142,0
DA:146,0
DA:147,0
LF:78
LH:0
BRDA:68,0,0,0
BRDA:68,0,1,0
BRDA:68,0,2,0
BRDA:68,0,3,0
BRDA:68,0,4,0
BRDA:81,1,0,0
BRDA:102,2,0,0
BRDA:103,3,0,0
BRDA:103,3,1,0
BRDA:106,4,0,0
BRDA:130,5,0,0
BRF:11
BRH:0
end_of_record
TN:
SF:src\app\presentation\pages\vendedores\vendedor.service.ts
FN:6,(anonymous_0)
FN:27,(anonymous_1)
FN:30,(anonymous_2)
FN:33,(anonymous_3)
FN:36,(anonymous_4)
FN:39,(anonymous_5)
FN:50,(anonymous_6)
FN:54,(anonymous_7)
FNF:8
FNH:0
FNDA:0,(anonymous_0)
FNDA:0,(anonymous_1)
FNDA:0,(anonymous_2)
FNDA:0,(anonymous_3)
FNDA:0,(anonymous_4)
FNDA:0,(anonymous_5)
FNDA:0,(anonymous_6)
FNDA:0,(anonymous_7)
DA:1,0
DA:3,0
DA:6,0
DA:7,0
DA:25,0
DA:26,0
DA:28,0
DA:31,0
DA:34,0
DA:37,0
DA:40,0
DA:41,0
DA:51,0
DA:55,0
LF:14
LH:0
BRF:0
BRH:0
end_of_record
TN:
SF:src\app\presentation\pages\ventas\informe-ventas\informe-ventas.component.ts
FN:37,(anonymous_0)
FN:55,(anonymous_1)
FN:60,(anonymous_2)
FN:65,(anonymous_3)
FN:76,(anonymous_4)
FN:77,(anonymous_5)
FN:85,(anonymous_6)
FNF:7
FNH:0
FNDA:0,(anonymous_0)
FNDA:0,(anonymous_1)
FNDA:0,(anonymous_2)
FNDA:0,(anonymous_3)
FNDA:0,(anonymous_4)
FNDA:0,(anonymous_5)
FNDA:0,(anonymous_6)
DA:1,0
DA:2,0
DA:3,0
DA:4,0
DA:5,0
DA:6,0
DA:7,0
DA:8,0
DA:9,0
DA:10,0
DA:11,0
DA:12,0
DA:13,0
DA:15,0
DA:37,0
DA:38,0
DA:40,0
DA:41,0
DA:42,0
DA:44,0
DA:45,0
DA:46,0
DA:48,0
DA:49,0
DA:50,0
DA:56,0
DA:57,0
DA:61,0
DA:62,0
DA:66,0
DA:77,0
DA:78,0
DA:82,0
DA:86,0
LF:34
LH:0
BRDA:78,0,0,0
BRDA:78,0,1,0
BRDA:78,0,2,0
BRDA:78,0,3,0
BRDA:78,0,4,0
BRDA:78,0,5,0
BRDA:86,1,0,0
BRDA:86,1,1,0
BRF:8
BRH:0
end_of_record
TN:
SF:src\app\presentation\shared\components\confirm-dialog\confirm-dialog.component.ts
FN:59,(anonymous_0)
FN:64,(anonymous_1)
FN:68,(anonymous_2)
FN:72,(anonymous_3)
FN:81,(anonymous_4)
FN:90,(anonymous_5)
FNF:6
FNH:0
FNDA:0,(anonymous_0)
FNDA:0,(anonymous_1)
FNDA:0,(anonymous_2)
FNDA:0,(anonymous_3)
FNDA:0,(anonymous_4)
FNDA:0,(anonymous_5)
DA:1,1
DA:2,1
DA:3,1
DA:4,1
DA:5,1
DA:58,1
DA:60,0
DA:61,0
DA:65,0
DA:69,0
DA:73,0
DA:74,0
DA:75,0
DA:76,0
DA:77,0
DA:82,0
DA:83,0
DA:84,0
DA:85,0
DA:86,0
DA:91,0
DA:92,0
DA:93,0
DA:94,0
LF:24
LH:6
BRDA:73,0,0,0
BRDA:73,0,1,0
BRDA:73,0,2,0
BRDA:73,0,3,0
BRDA:82,1,0,0
BRDA:82,1,1,0
BRDA:82,1,2,0
BRDA:82,1,3,0
BRDA:91,2,0,0
BRDA:91,2,1,0
BRDA:91,2,2,0
BRF:11
BRH:0
end_of_record
TN:
SF:src\app\presentation\shared\services\confirm-dialog.service.ts
FN:10,(anonymous_0)
FN:12,(anonymous_1)
FN:22,(anonymous_2)
FN:32,(anonymous_3)
FNF:4
FNH:0
FNDA:0,(anonymous_0)
FNDA:0,(anonymous_1)
FNDA:0,(anonymous_2)
FNDA:0,(anonymous_3)
DA:1,1
DA:2,1
DA:4,1
DA:9,1
DA:10,0
DA:13,0
DA:19,0
DA:23,0
DA:33,0
LF:9
LH:4
BRF:0
BRH:0
end_of_record
TN:
SF:src\app\presentation\shared\services\notification.service.ts
FN:10,(anonymous_0)
FN:15,(anonymous_1)
FN:19,(anonymous_2)
FN:23,(anonymous_3)
FN:27,(anonymous_4)
FNF:5
FNH:0
FNDA:0,(anonymous_0)
FNDA:0,(anonymous_1)
FNDA:0,(anonymous_2)
FNDA:0,(anonymous_3)
FNDA:0,(anonymous_4)
DA:2,6
DA:3,6
DA:4,6
DA:10,6
DA:11,0
DA:12,0
DA:16,0
DA:20,0
DA:24,0
DA:28,0
LF:10
LH:4
BRF:0
BRH:0
end_of_record
TN:
SF:src\app\proveedores\proveedor-list\proveedor-list-clean.component.ts
FN:54,(anonymous_0)
FN:83,(anonymous_1)
FN:87,(anonymous_2)
FN:96,(anonymous_3)
FN:100,(anonymous_4)
FN:105,(anonymous_5)
FN:116,(anonymous_6)
FN:125,(anonymous_7)
FN:129,(anonymous_8)
FN:140,(anonymous_9)
FN:156,(anonymous_10)
FN:165,(anonymous_11)
FN:176,(anonymous_12)
FN:181,(anonymous_13)
FN:189,(anonymous_14)
FN:194,(anonymous_15)
FN:205,(anonymous_16)
FN:215,(anonymous_17)
FN:224,(anonymous_18)
FN:235,(anonymous_19)
FN:240,(anonymous_20)
FN:247,(anonymous_21)
FN:252,(anonymous_22)
FN:253,(anonymous_23)
FNF:24
FNH:0
FNDA:0,(anonymous_0)
FNDA:0,(anonymous_1)
FNDA:0,(anonymous_2)
FNDA:0,(anonymous_3)
FNDA:0,(anonymous_4)
FNDA:0,(anonymous_5)
FNDA:0,(anonymous_6)
FNDA:0,(anonymous_7)
FNDA:0,(anonymous_8)
FNDA:0,(anonymous_9)
FNDA:0,(anonymous_10)
FNDA:0,(anonymous_11)
FNDA:0,(anonymous_12)
FNDA:0,(anonymous_13)
FNDA:0,(anonymous_14)
FNDA:0,(anonymous_15)
FNDA:0,(anonymous_16)
FNDA:0,(anonymous_17)
FNDA:0,(anonymous_18)
FNDA:0,(anonymous_19)
FNDA:0,(anonymous_20)
FNDA:0,(anonymous_21)
FNDA:0,(anonymous_22)
FNDA:0,(anonymous_23)
DA:1,0
DA:2,0
DA:3,0
DA:4,0
DA:5,0
DA:6,0
DA:7,0
DA:8,0
DA:9,0
DA:10,0
DA:11,0
DA:12,0
DA:13,0
DA:16,0
DA:17,0
DA:18,0
DA:19,0
DA:20,0
DA:22,0
DA:23,0
DA:54,0
DA:56,0
DA:57,0
DA:58,0
DA:59,0
DA:60,0
DA:61,0
DA:64,0
DA:66,0
DA:67,0
DA:68,0
DA:69,0
DA:70,0
DA:71,0
DA:72,0
DA:74,0
DA:75,0
DA:78,0
DA:84,0
DA:88,0
DA:89,0
DA:90,0
DA:97,0
DA:99,0
DA:101,0
DA:102,0
DA:103,0
DA:106,0
DA:107,0
DA:108,0
DA:117,0
DA:118,0
DA:119,0
DA:122,0
DA:124,0
DA:126,0
DA:127,0
DA:130,0
DA:131,0
DA:132,0
DA:141,0
DA:149,0
DA:150,0
DA:157,0
DA:158,0
DA:159,0
DA:166,0
DA:168,0
DA:170,0
DA:172,0
DA:177,0
DA:178,0
DA:179,0
DA:182,0
DA:183,0
DA:188,0
DA:190,0
DA:191,0
DA:192,0
DA:195,0
DA:196,0
DA:206,0
DA:208,0
DA:209,0
DA:212,0
DA:214,0
DA:216,0
DA:217,0
DA:218,0
DA:220,0
DA:221,0
DA:225,0
DA:226,0
DA:227,0
DA:236,0
DA:237,0
DA:241,0
DA:242,0
DA:243,0
DA:244,0
DA:248,0
DA:249,0
DA:253,0
DA:254,0
DA:255,0
LF:105
LH:0
BRDA:117,0,0,0
BRDA:117,1,0,0
BRDA:117,1,1,0
BRDA:166,2,0,0
BRDA:170,3,0,0
BRDA:170,3,1,0
BRDA:170,4,0,0
BRDA:170,4,1,0
BRDA:182,5,0,0
BRDA:182,5,1,0
BRDA:195,6,0,0
BRDA:195,6,1,0
BRDA:206,7,0,0
BRDA:208,8,0,0
BRDA:216,9,0,0
BRDA:216,9,1,0
BRDA:256,10,0,0
BRDA:256,10,1,0
BRDA:256,10,2,0
BRDA:256,10,3,0
BRDA:256,10,4,0
BRDA:256,10,5,0
BRDA:256,10,6,0
BRF:23
BRH:0
end_of_record
